Added Component: Designator=OpAmp1(6 pin socket)
Added Component: Designator=Q1(NPN socket)
Added Component: Designator=Q2(NPN socket)
Added Component: Designator=Q3(NPN socket)
Added Component: Designator=R1(SMT 0805 (2012))
Added Component: Designator=R2(SMT 0805 (2012))
Added Component: Designator=R3(SMT 0805 (2012))
Added Component: Designator=R4(SMT 0805 (2012))
Added Component: Designator=R5(SMT 0805 (2012))
Added Component: Designator=R6(pot socket)
Added Pin To Net: NetName=12V Pin=OpAmp1-8
Added Pin To Net: NetName=12V Pin=Q1-1
Added Pin To Net: NetName=12V Pin=Q2-1
Added Pin To Net: NetName=12V Pin=Q3-1
Added Pin To Net: NetName=12V Pin=R1-1
Added Net: Name=12V
Added Pin To Net: NetName=GND Pin=OpAmp1-4
Added Pin To Net: NetName=GND Pin=R2-2
Added Pin To Net: NetName=GND Pin=R3-2
Added Pin To Net: NetName=GND Pin=R6-2
Added Net: Name=GND
Added Pin To Net: NetName=IN Pin=R5-2
Added Net: Name=IN
Added Pin To Net: NetName=LASER_IN Pin=Q1-3
Added Pin To Net: NetName=LASER_IN Pin=Q2-3
Added Pin To Net: NetName=LASER_IN Pin=Q3-3
Added Net: Name=LASER_IN
Added Pin To Net: NetName=LASER_OUT Pin=R2-1
Added Pin To Net: NetName=LASER_OUT Pin=R3-1
Added Net: Name=LASER_OUT
Added Pin To Net: NetName=NetOpAmp1_1 Pin=OpAmp1-1
Added Pin To Net: NetName=NetOpAmp1_1 Pin=Q1-2
Added Pin To Net: NetName=NetOpAmp1_1 Pin=Q2-2
Added Pin To Net: NetName=NetOpAmp1_1 Pin=Q3-2
Added Pin To Net: NetName=NetOpAmp1_1 Pin=R4-2
Added Net: Name=NetOpAmp1_1
Added Pin To Net: NetName=NetOpAmp1_2 Pin=OpAmp1-2
Added Pin To Net: NetName=NetOpAmp1_2 Pin=R4-1
Added Pin To Net: NetName=NetOpAmp1_2 Pin=R5-1
Added Net: Name=NetOpAmp1_2
Added Pin To Net: NetName=NetOpAmp1_3 Pin=OpAmp1-3
Added Pin To Net: NetName=NetOpAmp1_3 Pin=R1-2
Added Pin To Net: NetName=NetOpAmp1_3 Pin=R6-1
Added Net: Name=NetOpAmp1_3
Added Class: Name=driver
