# Log from 2015-11-19 at 14:41:37

# DSP Processing Report:
# udsp Version 1.0
# November 3, 2015
# Designed for sample rate of: 9091 samp/s
# DC Processing with Brickwall Threshold Filter Algorithm
# Filter: Spring Summer Low Pass Filter (spsu_lp_filter_norm)
# Fluoresce minimum period: 0.05 s
# Threshold standard deviations: 2
# Calibration period: 1 s

# Event: timestamp (from teensy)
Sample Insertion: 3559884864
Sample Separation: 4195599064
Sample Insertion: 136342628
High Voltage Off: 252522207
Sample Insertion: 375703288
Missed Sample: 393540374
Missed Sample: 501379198
Sample Separation: 535176338
High Voltage Off: 587184998
Start Time: 3546595104
End Time: 589347048
Packets Received: 12160558
Packets Sent: -26884073.2364
Packets Missed: 589347048 (0%)
