# Log from 2015-12-11 at 14:34:1

# DSP Processing Report:
# udsp Version 1.0
# November 3, 2015
# DC Processing with Brickwall Threshold Filter Algorithm
# Designed for sample rate of: 9091 samp/s
# Filter: Spring Summer Low Pass Filter (spsu_lp_filter_norm)
# Fluoresce minimum period: 0.05 s
# Threshold standard deviations: 2
# Calibration period: 1 s

# Event: timestamp (from teensy)
Signal Calibration: 3076804465
High Voltage On: 3082108995
Sample Separation: 3087304295
High Voltage Off: 3164310235
Start Time: 3074970325
End Time: 3164310125
Packets Received: 812182
Packets Sent: 812180.0
Packets Missed: -2.0 (-0.000246250831097%)
