# Log from 2015-11-10 at 13:41:30

# DSP Processing Report:
# udsp Version 1.0
# November 3, 2015
# Designed for sample rate of: 9091 samp/s
# DC Processing with Brickwall Threshold Filter Algorithm
# Filter: Spring Summer Low Pass Filter (spsu_lp_filter_norm)
# Fluoresce minimum period: 0.05 s
# Threshold standard deviations: 2
# Calibration period: 1 s

# Event: timestamp (from teensy)
Missed Sample: 2063961028
Missed Sample: 2064018460
Missed Sample: 2064079289
Missed Sample: 2064142336
Missed Sample: 2064210537
Missed Sample: 2064279700
Missed Sample: 2064336965
Missed Sample: 2064393534
Missed Sample: 2064567752
Missed Sample: 2064680797
Missed Sample: 2064743354
Missed Sample: 2064806223
Missed Sample: 2064921704
Missed Sample: 2064978162
Missed Sample: 2065038743
Missed Sample: 2065101160
Missed Sample: 2065160669
Missed Sample: 2065224181
Missed Sample: 2065283560
Missed Sample: 2065348163
Missed Sample: 2065404570
Missed Sample: 2065467998
Missed Sample: 2065532211
Missed Sample: 2065591925
Missed Sample: 2065659355
Missed Sample: 2065716720
Missed Sample: 2065780565
Missed Sample: 2065895544
Missed Sample: 2066013461
Missed Sample: 2066076022
Missed Sample: 2066133606
Missed Sample: 2066195381
Missed Sample: 2066253298
Missed Sample: 2066371390
Missed Sample: 2066429145
Missed Sample: 2066491144
Missed Sample: 2066551702
Missed Sample: 2066608895
Missed Sample: 2066835520
Missed Sample: 3001874133
Signal Calibration: 3004036730
Missed Sample: 3004579653
Missed Sample: 3004640119
Missed Sample: 3004696542
Missed Sample: 3004756011
Missed Sample: 3004818559
Missed Sample: 3004932609
Missed Sample: 3004989561
Missed Sample: 3005050706
Missed Sample: 3005112973
Missed Sample: 3005230049
Missed Sample: 3005288644
Missed Sample: 3005350262
Missed Sample: 3005467471
Missed Sample: 3005583730
Missed Sample: 3005698471
Missed Sample: 3005755007
Missed Sample: 3005815093
Missed Sample: 3005929040
Missed Sample: 3005990386
Missed Sample: 3006049989
Missed Sample: 3006219020
Missed Sample: 3006333601
Missed Sample: 3006447430
Missed Sample: 3006506994
Missed Sample: 3006628734
Missed Sample: 3006693457
Missed Sample: 3006759926
Missed Sample: 3006817798
Missed Sample: 3006930716
Missed Sample: 3007104686
Missed Sample: 3007163071
Missed Sample: 3007226197
Missed Sample: 3007285364
Missed Sample: 3007347285
Missed Sample: 3007405769
Missed Sample: 3007470486
Missed Sample: 3007534449
Missed Sample: 3007594162
Missed Sample: 3007655072
Missed Sample: 3007825182
Missed Sample: 3007885668
Missed Sample: 3007999652
Missed Sample: 3008063882
Missed Sample: 3008180360
Missed Sample: 3008351446
Missed Sample: 3008468121
Missed Sample: 3008527131
Missed Sample: 3008583621
Missed Sample: 3008643814
Missed Sample: 3008700356
Missed Sample: 3008760571
Missed Sample: 3008817218
Missed Sample: 3008878166
Missed Sample: 3009000347
Missed Sample: 3009117958
Missed Sample: 3009233781
Missed Sample: 3009348794
Missed Sample: 3009405344
Missed Sample: 3009464351
Missed Sample: 3009581341
Missed Sample: 3009642741
Missed Sample: 3009711141
Missed Sample: 3009779339
Missed Sample: 3010008992
Missed Sample: 3010122165
Missed Sample: 3010182217
Missed Sample: 3010238929
Missed Sample: 3010297088
Missed Sample: 3010471093
Missed Sample: 3010527854
Missed Sample: 3010591578
Missed Sample: 3010649610
Missed Sample: 3010713662
Missed Sample: 3010772588
Missed Sample: 3010835126
Missed Sample: 3010893547
Missed Sample: 3010957657
Missed Sample: 3011021551
Missed Sample: 3011080546
Missed Sample: 3011193473
Missed Sample: 3011309562
Missed Sample: 3011368924
Missed Sample: 3011485519
Missed Sample: 3011547020
Missed Sample: 3011661555
Missed Sample: 3011718186
Missed Sample: 3011777758
Missed Sample: 3011893144
Missed Sample: 3011953811
Missed Sample: 3012010823
Missed Sample: 3012070948
Missed Sample: 3012127780
Missed Sample: 3012187710
Missed Sample: 3012245145
Missed Sample: 3012305057
Missed Sample: 3012363002
Missed Sample: 3012422421
Missed Sample: 3012478843
Missed Sample: 3012537857
Missed Sample: 3012665015
Missed Sample: 3012730349
Missed Sample: 3012798310
Missed Sample: 3012913747
Missed Sample: 3012970313
Missed Sample: 3013030032
Missed Sample: 3013146383
Missed Sample: 3013315478
Missed Sample: 3013376927
Missed Sample: 3013436455
Missed Sample: 3013607022
Missed Sample: 3013779708
Missed Sample: 3013894927
Missed Sample: 3013955832
Missed Sample: 3014012614
Missed Sample: 3014078297
Missed Sample: 3014136632
Missed Sample: 3014200490
Missed Sample: 3014258571
Missed Sample: 3014320980
Missed Sample: 3014383924
Missed Sample: 3014442883
Missed Sample: 3014506770
Missed Sample: 3014563658
Missed Sample: 3014677652
Missed Sample: 3014734610
Missed Sample: 3014796799
Missed Sample: 3014858431
Missed Sample: 3014920562
Missed Sample: 3015037293
Missed Sample: 3015209402
Missed Sample: 3015327151
Missed Sample: 3015386370
Missed Sample: 3015442856
Missed Sample: 3015503451
Missed Sample: 3015619281
Missed Sample: 3015687474
Missed Sample: 3015757004
Missed Sample: 3015821482
Missed Sample: 3015935005
Missed Sample: 3015991657
Missed Sample: 3016051827
Missed Sample: 3016167470
Missed Sample: 3016282275
Missed Sample: 3016343274
Missed Sample: 3016402717
Missed Sample: 3016573271
Missed Sample: 3016689271
Missed Sample: 3016804166
Missed Sample: 3016865017
Missed Sample: 3016925269
Missed Sample: 3017097946
Missed Sample: 3017210639
Missed Sample: 3017271025
Missed Sample: 3017327556
Missed Sample: 3017386829
Missed Sample: 3017501917
Missed Sample: 3017564528
Missed Sample: 3017623262
Missed Sample: 3017687097
Missed Sample: 3017744536
Missed Sample: 3017807714
Missed Sample: 3017871046
Missed Sample: 3017929507
Missed Sample: 3017993743
Missed Sample: 3018162670
Missed Sample: 3018222542
Missed Sample: 3018336796
Missed Sample: 3018399017
Missed Sample: 3018455395
Missed Sample: 3018514845
Missed Sample: 3018698464
Missed Sample: 3018764367
Missed Sample: 3018830123
Missed Sample: 3018999249
Missed Sample: 3019115338
Missed Sample: 3019175261
Missed Sample: 3019292931
Missed Sample: 3019350039
Missed Sample: 3019410064
Missed Sample: 3019466707
Missed Sample: 3019526729
Missed Sample: 3019583552
Missed Sample: 3019643481
Missed Sample: 3019758761
Missed Sample: 3019819976
Missed Sample: 3019880162
Missed Sample: 3019997722
Missed Sample: 3020169973
Missed Sample: 3020287280
Missed Sample: 3020402466
Missed Sample: 3020571893
Missed Sample: 3020685766
Missed Sample: 3020745528
Missed Sample: 3020861400
Missed Sample: 3020922780
Missed Sample: 3020981322
Missed Sample: 3021044411
Missed Sample: 3021103344
Missed Sample: 3021167582
Missed Sample: 3021286563
Missed Sample: 3021350142
Missed Sample: 3021408959
Missed Sample: 3021470590
Missed Sample: 3021639790
Missed Sample: 3021709567
Missed Sample: 3021778373
Missed Sample: 3021840126
Missed Sample: 3021897423
Missed Sample: 3022070110
Missed Sample: 3022130217
Missed Sample: 3022187258
Missed Sample: 3022247694
Missed Sample: 3022364126
Missed Sample: 3022420921
Missed Sample: 3022479763
Missed Sample: 3022541007
Missed Sample: 3022657307
Missed Sample: 3022775014
Missed Sample: 3022891715
Missed Sample: 3023008316
Missed Sample: 3023126729
Missed Sample: 3023244422
Missed Sample: 3023359259
Missed Sample: 3023474459
Missed Sample: 3023589860
Missed Sample: 3023647231
Missed Sample: 3023765355
Missed Sample: 3023822120
Missed Sample: 3023881549
Missed Sample: 3024052822
Missed Sample: 3024167203
Missed Sample: 3024226994
Missed Sample: 3024343108
Missed Sample: 3024404770
Missed Sample: 3024462759
Missed Sample: 3024525840
Missed Sample: 3024584283
Missed Sample: 3024648367
Missed Sample: 3024718844
Missed Sample: 3024789256
Missed Sample: 3024856444
Missed Sample: 3024973051
Missed Sample: 3025201397
Missed Sample: 3025317934
Missed Sample: 3025380072
Missed Sample: 3025496753
Missed Sample: 3025667756
Missed Sample: 3025784057
Missed Sample: 3025842267
Missed Sample: 3025898936
Missed Sample: 3025959461
Missed Sample: 3026015821
Missed Sample: 3026075264
Missed Sample: 3026131805
Missed Sample: 3026192544
Missed Sample: 3026251587
Missed Sample: 3026366515
Missed Sample: 3026427175
Missed Sample: 3026544357
Missed Sample: 3026660491
Missed Sample: 3026722323
Missed Sample: 3026893577
Missed Sample: 3027008293
Missed Sample: 3027123670
Missed Sample: 3027183737
Missed Sample: 3027245334
Missed Sample: 3027527865
Missed Sample: 3027586665
Missed Sample: 3027708000
Missed Sample: 3027775163
Missed Sample: 3027837064
Missed Sample: 3027898496
Missed Sample: 3028016914
Missed Sample: 3028075165
Missed Sample: 3028139264
Missed Sample: 3028200789
Missed Sample: 3028258681
Missed Sample: 3028321964
Missed Sample: 3028380528
Missed Sample: 3028443407
Missed Sample: 3028500367
Missed Sample: 3028558004
Missed Sample: 3028615216
Missed Sample: 3028676449
Missed Sample: 3028737621
Missed Sample: 3028794389
Missed Sample: 3028850850
Missed Sample: 3028911590
Missed Sample: 3028971938
Missed Sample: 3029088276
Missed Sample: 3029146277
Missed Sample: 3029206313
Missed Sample: 3029265860
Missed Sample: 3029381324
Missed Sample: 3029438276
Missed Sample: 3029497972
Missed Sample: 3029612850
Missed Sample: 3029672923
Missed Sample: 3029787973
Missed Sample: 3029903525
Missed Sample: 3030020557
Missed Sample: 3030136711
Missed Sample: 3030250747
Missed Sample: 3030307245
Missed Sample: 3030366615
Missed Sample: 3030427577
Missed Sample: 3030542230
Missed Sample: 3030598741
Missed Sample: 3030659597
Missed Sample: 3030722513
Missed Sample: 3030791301
Missed Sample: 3030858399
Missed Sample: 3031255801
Missed Sample: 3031372762
Missed Sample: 3031430735
Missed Sample: 3031493803
Missed Sample: 3031551964
Missed Sample: 3031614578
Missed Sample: 3031677263
Missed Sample: 3031734948
Missed Sample: 3031798410
Missed Sample: 3031857377
Missed Sample: 3031921181
Missed Sample: 3032091120
Missed Sample: 3032207319
Missed Sample: 3032267696
Missed Sample: 3032382322
Missed Sample: 3032443620
Missed Sample: 3032500606
Missed Sample: 3032561007
Missed Sample: 3032620412
Missed Sample: 3032736880
Missed Sample: 3032854327
Missed Sample: 3032970577
Missed Sample: 3033088153
Missed Sample: 3033149331
Missed Sample: 3033205783
Missed Sample: 3033265680
Missed Sample: 3033322313
Missed Sample: 3033382188
Missed Sample: 3033439106
Missed Sample: 3033497946
Missed Sample: 3033615992
Missed Sample: 3033739925
Missed Sample: 3033803558
Missed Sample: 3033869453
Missed Sample: 3033927114
Missed Sample: 3034152934
Missed Sample: 3034267374
Missed Sample: 3034439851
Missed Sample: 3034556362
Missed Sample: 3034728578
Missed Sample: 3034844410
Missed Sample: 3034902177
Missed Sample: 3034965274
Missed Sample: 3035028220
Missed Sample: 3035086948
Missed Sample: 3035150655
Missed Sample: 3035210095
Missed Sample: 3035272729
Missed Sample: 3035331606
Missed Sample: 3035446669
Missed Sample: 3035506224
Missed Sample: 3035621876
Missed Sample: 3035682213
Missed Sample: 3035798673
Missed Sample: 3035972809
Missed Sample: 3036033179
Missed Sample: 3036149102
Missed Sample: 3036264337
Missed Sample: 3036326121
Missed Sample: 3036442352
Missed Sample: 3036556684
Missed Sample: 3036613077
Missed Sample: 3036671807
Missed Sample: 3036741163
Missed Sample: 3036806102
Missed Sample: 3036873842
Missed Sample: 3037159085
Missed Sample: 3037273573
Missed Sample: 3037388141
Missed Sample: 3037502431
Missed Sample: 3037559065
Missed Sample: 3037676778
Missed Sample: 3037791283
Missed Sample: 3037965061
Missed Sample: 3038079906
Missed Sample: 3038136977
Missed Sample: 3038199243
Missed Sample: 3038258692
Missed Sample: 3038320057
Missed Sample: 3038378058
Missed Sample: 3038441280
Missed Sample: 3038505567
Missed Sample: 3038563072
Missed Sample: 3038626254
Missed Sample: 3038684206
Missed Sample: 3038748517
Missed Sample: 3038807792
Missed Sample: 3038871053
Missed Sample: 3038984968
Missed Sample: 3039101343
Missed Sample: 3039162879
Missed Sample: 3039278521
Missed Sample: 3039394828
Missed Sample: 3039455233
Missed Sample: 3039570706
Missed Sample: 3039688558
Missed Sample: 3039756572
Missed Sample: 3039822386
Missed Sample: 3039889227
Missed Sample: 3040005281
Missed Sample: 3040120781
Missed Sample: 3040235039
Missed Sample: 3040291771
Missed Sample: 3040352285
Missed Sample: 3040409414
Missed Sample: 3040467959
Missed Sample: 3040585627
Missed Sample: 3040701489
Missed Sample: 3040814290
Missed Sample: 3040875579
Missed Sample: 3040934605
Missed Sample: 3041104150
Missed Sample: 3041221199
Missed Sample: 3041282682
Missed Sample: 3041395814
Missed Sample: 3041511432
Missed Sample: 3041684091
Missed Sample: 3041801580
Missed Sample: 3041859505
Missed Sample: 3041923300
Missed Sample: 3041987398
Missed Sample: 3042044191
Missed Sample: 3042107672
Missed Sample: 3042165708
Missed Sample: 3042230311
Missed Sample: 3042288019
Missed Sample: 3042347276
Missed Sample: 3042404915
Missed Sample: 3042465316
Missed Sample: 3042526625
Missed Sample: 3042698462
Missed Sample: 3042767176
Missed Sample: 3042837550
Signal Calibration: 3042850780
Missed Sample: 3042904325
Missed Sample: 3043032893
Missed Sample: 3043145639
Missed Sample: 3043206765
Missed Sample: 3043323014
Missed Sample: 3043439617
Missed Sample: 3043555136
Missed Sample: 3043670086
Missed Sample: 3043784365
Missed Sample: 3043905002
Missed Sample: 3043961694
Missed Sample: 3044022002
Missed Sample: 3044142634
Missed Sample: 3044312998
Missed Sample: 3044433347
Missed Sample: 3044551002
Missed Sample: 3044780441
Missed Sample: 3044893692
Missed Sample: 3045008648
Missed Sample: 3045069633
Missed Sample: 3045126576
Missed Sample: 3045185010
Missed Sample: 3045302184
Missed Sample: 3045365148
Missed Sample: 3045423988
Missed Sample: 3045487611
Missed Sample: 3045606295
Missed Sample: 3045664578
Missed Sample: 3045731490
Missed Sample: 3045799530
Missed Sample: 3045864696
Missed Sample: 3045923174
Missed Sample: 3045980818
Missed Sample: 3046039988
Missed Sample: 3046211484
Missed Sample: 3046271696
Missed Sample: 3046387863
Missed Sample: 3046444794
Missed Sample: 3046504351
Missed Sample: 3046563827
Missed Sample: 3046680302
Missed Sample: 3046796275
Missed Sample: 3046855039
Missed Sample: 3046911682
Missed Sample: 3046971474
Missed Sample: 3047028113
Missed Sample: 3047088104
Missed Sample: 3047144769
Missed Sample: 3047206796
Missed Sample: 3047263710
Missed Sample: 3047323475
Missed Sample: 3047380496
Missed Sample: 3047438227
Missed Sample: 3047555265
Sample Insertion: 3047557900
Missed Sample: 3047669891
Missed Sample: 3047784478
Missed Sample: 3047844699
Missed Sample: 3047901544
Missed Sample: 3047960355
Missed Sample: 3048074631
Missed Sample: 3048136077
Missed Sample: 3048250431
Missed Sample: 3048367088
Missed Sample: 3048540268
Missed Sample: 3048657615
Missed Sample: 3048714102
Missed Sample: 3048792552
Missed Sample: 3048864091
Missed Sample: 3048927452
Missed Sample: 3048984788
Missed Sample: 3049042495
Missed Sample: 3049105435
Missed Sample: 3049163528
Missed Sample: 3049227646
Missed Sample: 3049284407
Missed Sample: 3049341395
Missed Sample: 3049403205
Missed Sample: 3049519392
Missed Sample: 3049692616
Missed Sample: 3049752662
Missed Sample: 3049868944
Missed Sample: 3049925801
Missed Sample: 3049985435
Missed Sample: 3050044556
Missed Sample: 3050160195
Missed Sample: 3050218941
Missed Sample: 3050278854
Missed Sample: 3050338582
Missed Sample: 3050454169
Missed Sample: 3050569837
Missed Sample: 3050685024
Missed Sample: 3050799645
Missed Sample: 3050916307
Missed Sample: 3051031023
Missed Sample: 3051088409
Missed Sample: 3051147786
Missed Sample: 3051208988
Missed Sample: 3051268404
Missed Sample: 3051439148
Missed Sample: 3051553450
Missed Sample: 3051615173
Missed Sample: 3051728928
Missed Sample: 3051795250
Missed Sample: 3051865161
Missed Sample: 3051927080
Missed Sample: 3052040254
Missed Sample: 3052156073
Missed Sample: 3052213702
Missed Sample: 3052277162
Missed Sample: 3052340522
Missed Sample: 3052399030
Missed Sample: 3052460608
Missed Sample: 3052518345
Missed Sample: 3052580694
Missed Sample: 3052639127
Missed Sample: 3052703508
Missed Sample: 3052763701
Missed Sample: 3052935589
Missed Sample: 3052996962
Missed Sample: 3053113341
Missed Sample: 3053291079
Missed Sample: 3053347589
Missed Sample: 3053404399
Missed Sample: 3053464593
Missed Sample: 3053581014
Missed Sample: 3053641569
Missed Sample: 3053756831
Missed Sample: 3053873414
Missed Sample: 3053990184
Missed Sample: 3054106990
Missed Sample: 3054166902
Missed Sample: 3054223196
Missed Sample: 3054282326
Missed Sample: 3054396429
Missed Sample: 3054457523
Missed Sample: 3054572705
Missed Sample: 3054629897
Missed Sample: 3054688810
Missed Sample: 3054815895
Missed Sample: 3054879029
Missed Sample: 3054944193
Missed Sample: 3055001651
Missed Sample: 3055114365
Missed Sample: 3055231431
Missed Sample: 3055403992
Missed Sample: 3055521799
Missed Sample: 3055696161
Missed Sample: 3055754788
Missed Sample: 3055818402
Missed Sample: 3055877268
Missed Sample: 3055939490
Missed Sample: 3055997541
Missed Sample: 3056060572
Missed Sample: 3056118914
Missed Sample: 3056182946
Missed Sample: 3056249473
Missed Sample: 3056534448
Missed Sample: 3056595884
Missed Sample: 3056711130
Missed Sample: 3056772555
Missed Sample: 3056888472
Missed Sample: 3057004035
Missed Sample: 3057179716
Missed Sample: 3057296947
Missed Sample: 3057468117
Missed Sample: 3057582453
Missed Sample: 3057644060
Missed Sample: 3057704185
Missed Sample: 3057760711
Missed Sample: 3057832202
Missed Sample: 3057896957
Missed Sample: 3057961390
Missed Sample: 3058246959
Missed Sample: 3058360663
Missed Sample: 3058476781
Missed Sample: 3058650249
Missed Sample: 3058764309
Missed Sample: 3058935450
Missed Sample: 3059049167
Missed Sample: 3059108258
Missed Sample: 3059170962
Missed Sample: 3059230075
Missed Sample: 3059294870
Missed Sample: 3059353850
Missed Sample: 3059415010
Missed Sample: 3059472885
Missed Sample: 3059536515
Missed Sample: 3059595508
Missed Sample: 3059657663
Missed Sample: 3059717443
Missed Sample: 3059833514
Missed Sample: 3059946423
Missed Sample: 3060007751
Missed Sample: 3060068323
Missed Sample: 3060182590
Missed Sample: 3060244067
Missed Sample: 3060359454
Missed Sample: 3060474900
Missed Sample: 3060650840
Missed Sample: 3060766837
Missed Sample: 3060829385
Missed Sample: 3060902457
Missed Sample: 3060964453
Missed Sample: 3061021395
Missed Sample: 3061135165
Missed Sample: 3061193989
Missed Sample: 3061308831
Missed Sample: 3061424384
Missed Sample: 3061539334
Missed Sample: 3061596464
Missed Sample: 3061714924
Missed Sample: 3061829246
Missed Sample: 3061945939
Missed Sample: 3062118888
Missed Sample: 3062175562
Missed Sample: 3062234057
Missed Sample: 3062291422
Missed Sample: 3062405966
Missed Sample: 3062467175
Missed Sample: 3062580698
Missed Sample: 3062643869
Missed Sample: 3062702111
Missed Sample: 3062765602
Missed Sample: 3062825093
Missed Sample: 3062886816
Missed Sample: 3062945352
Missed Sample: 3063008377
Missed Sample: 3063071354
Missed Sample: 3063130458
Missed Sample: 3063193055
Missed Sample: 3063305903
Missed Sample: 3063422287
Missed Sample: 3063594924
Missed Sample: 3063654633
Missed Sample: 3063711500
Missed Sample: 3063772807
Missed Sample: 3063842680
Missed Sample: 3063907306
Missed Sample: 3063973998
Missed Sample: 3064144883
Missed Sample: 3064261512
Missed Sample: 3064376099
Missed Sample: 3064491187
Missed Sample: 3064608799
Missed Sample: 3064725367
Missed Sample: 3064840802
Missed Sample: 3064957150
Missed Sample: 3065076454
Missed Sample: 3065193408
Missed Sample: 3065306695
Missed Sample: 3065367579
Missed Sample: 3065481153
Missed Sample: 3065541687
Missed Sample: 3065654821
Missed Sample: 3065769501
Missed Sample: 3065831329
Missed Sample: 3065944517
Missed Sample: 3066060596
Missed Sample: 3066123819
Missed Sample: 3066182197
Missed Sample: 3066246275
Missed Sample: 3066303783
Missed Sample: 3066366536
Missed Sample: 3066424498
Missed Sample: 3066488077
Missed Sample: 3066551945
Missed Sample: 3066609779
Missed Sample: 3066667914
Missed Sample: 3066781550
Missed Sample: 3066840533
Missed Sample: 3066915275
Missed Sample: 3066979341
Missed Sample: 3067149442
Missed Sample: 3067205822
Missed Sample: 3067267781
Missed Sample: 3067384005
Missed Sample: 3067444070
Missed Sample: 3067559524
Missed Sample: 3067675675
Missed Sample: 3067792558
Missed Sample: 3067852194
Missed Sample: 3067909194
Missed Sample: 3067968638
Missed Sample: 3068025073
Missed Sample: 3068083613
Missed Sample: 3068144959
Missed Sample: 3068260989
Missed Sample: 3068375594
Missed Sample: 3068432101
Missed Sample: 3068491070
Missed Sample: 3068607760
Missed Sample: 3068721758
Missed Sample: 3068783442
Missed Sample: 3068898395
Missed Sample: 3068954837
Missed Sample: 3069016200
Missed Sample: 3069129628
Missed Sample: 3069190047
Missed Sample: 3069246489
Missed Sample: 3069305232
Missed Sample: 3069480184
Missed Sample: 3069539003
Missed Sample: 3069601374
Missed Sample: 3069659940
Missed Sample: 3069724264
Missed Sample: 3069781116
Missed Sample: 3069853898
Missed Sample: 3069922414
Missed Sample: 3069991377
Missed Sample: 3070050102
Missed Sample: 3070278351
Missed Sample: 3070391742
Missed Sample: 3070453511
Missed Sample: 3070509797
Missed Sample: 3070570536
Missed Sample: 3070742227
Missed Sample: 3070798938
Missed Sample: 3070860201
Missed Sample: 3070919522
Missed Sample: 3070976444
Missed Sample: 3071037256
Missed Sample: 3071152237
Missed Sample: 3071270152
Missed Sample: 3071330987
Missed Sample: 3071387732
Missed Sample: 3071447616
Missed Sample: 3071504416
Missed Sample: 3071563730
Missed Sample: 3071678924
Missed Sample: 3071739232
Missed Sample: 3071854857
Missed Sample: 3071911728
Missed Sample: 3071971105
Missed Sample: 3072088105
Missed Sample: 3072202446
Missed Sample: 3072315724
Missed Sample: 3072375731
Missed Sample: 3072492832
Missed Sample: 3072606927
Missed Sample: 3072666900
Missed Sample: 3072723857
Missed Sample: 3072783514
Missed Sample: 3072843764
Missed Sample: 3072907281
Missed Sample: 3072978141
Missed Sample: 3073095133
Missed Sample: 3073152178
Missed Sample: 3073214052
Missed Sample: 3073331578
Missed Sample: 3073394596
Missed Sample: 3073453796
Missed Sample: 3073516591
Missed Sample: 3073629635
Missed Sample: 3073803708
Missed Sample: 3073864147
Missed Sample: 3073978854
Missed Sample: 3074040742
Missed Sample: 3074157071
Missed Sample: 3074274180
Missed Sample: 3074331255
Missed Sample: 3074452543
Missed Sample: 3074509125
Missed Sample: 3074624522
Missed Sample: 3074740222
Missed Sample: 3074796725
Missed Sample: 3074861104
Missed Sample: 3074977573
Missed Sample: 3075093103
Missed Sample: 3075208970
Missed Sample: 3075323244
Missed Sample: 3075440773
Missed Sample: 3075554776
Missed Sample: 3075615939
Missed Sample: 3075730938
Missed Sample: 3075856738
Missed Sample: 3075920348
Missed Sample: 3075986588
Missed Sample: 3076044567
Missed Sample: 3076328814
Missed Sample: 3076386683
Missed Sample: 3076448683
Missed Sample: 3076506369
Missed Sample: 3076570139
Missed Sample: 3076629070
Missed Sample: 3076691089
Missed Sample: 3076749257
Missed Sample: 3076811948
Missed Sample: 3076875270
Missed Sample: 3076934144
Missed Sample: 3076995206
Missed Sample: 3077222743
Missed Sample: 3077341332
Missed Sample: 3077403153
Missed Sample: 3077519308
Missed Sample: 3077636198
Missed Sample: 3077812119
Missed Sample: 3077925827
Missed Sample: 3077985694
Missed Sample: 3078042282
Missed Sample: 3078102839
Missed Sample: 3078159241
Missed Sample: 3078219554
Missed Sample: 3078276086
Missed Sample: 3078342116
Missed Sample: 3078458353
Missed Sample: 3078573535
Missed Sample: 3078687745
Missed Sample: 3078801883
Missed Sample: 3078864428
Missed Sample: 3078934796
Missed Sample: 3078996765
Missed Sample: 3079054806
Missed Sample: 3079167740
Missed Sample: 3079227655
Missed Sample: 3079342156
Missed Sample: 3079456386
Missed Sample: 3079517307
Missed Sample: 3079630866
Missed Sample: 3079745908
Missed Sample: 3079807311
Missed Sample: 3079923279
Missed Sample: 3079981500
Missed Sample: 3080044932
Missed Sample: 3080103647
Missed Sample: 3080165979
Missed Sample: 3080223901
Missed Sample: 3080288464
Missed Sample: 3080352975
Missed Sample: 3080412181
Missed Sample: 3080476065
Missed Sample: 3080759419
Missed Sample: 3080819307
Missed Sample: 3080875782
Missed Sample: 3080936998
Missed Sample: 3080997802
Missed Sample: 3081112467
Missed Sample: 3081169490
Missed Sample: 3081229344
Missed Sample: 3081288789
Missed Sample: 3081345550
Missed Sample: 3081405794
Missed Sample: 3081520006
Missed Sample: 3081635701
Missed Sample: 3081750465
Missed Sample: 3081810298
Missed Sample: 3081873181
Missed Sample: 3081941532
Missed Sample: 3082006547
Missed Sample: 3082063329
Missed Sample: 3082178120
Missed Sample: 3082293282
Missed Sample: 3082408052
Missed Sample: 3082468824
Missed Sample: 3082582686
Missed Sample: 3082700457
Missed Sample: 3082814637
Missed Sample: 3082875484
Missed Sample: 3082989186
Missed Sample: 3083159115
Missed Sample: 3083278923
Missed Sample: 3083398162
Missed Sample: 3083455993
Missed Sample: 3083519612
Missed Sample: 3083578682
Missed Sample: 3083639934
Missed Sample: 3083703006
Missed Sample: 3083761826
Missed Sample: 3083826039
Missed Sample: 3083883084
Missed Sample: 3083942665
Missed Sample: 3083999107
Missed Sample: 3084060202
Missed Sample: 3084173085
Missed Sample: 3084234606
Missed Sample: 3084295091
Missed Sample: 3084411157
Missed Sample: 3084470525
Missed Sample: 3084527203
Missed Sample: 3084587437
Missed Sample: 3084704436
Missed Sample: 3084764799
Missed Sample: 3084888118
Missed Sample: 3084953856
Missed Sample: 3085017955
Missed Sample: 3085076113
Missed Sample: 3085192226
Missed Sample: 3085305436
Missed Sample: 3085531618
Missed Sample: 3085758772
Missed Sample: 3085872008
Missed Sample: 3085986887
Missed Sample: 3086047343
Missed Sample: 3086104229
Missed Sample: 3086163401
Missed Sample: 3086278248
Missed Sample: 3086336150
Missed Sample: 3086454173
Missed Sample: 3086570433
Missed Sample: 3086743775
Missed Sample: 3086861960
Missed Sample: 3086920118
Missed Sample: 3086983939
Missed Sample: 3087042690
Missed Sample: 3087103802
Missed Sample: 3087166578
Missed Sample: 3087225141
Missed Sample: 3087288994
Missed Sample: 3087346240
Missed Sample: 3087405081
Missed Sample: 3087519673
Missed Sample: 3087691039
Missed Sample: 3087751476
Missed Sample: 3087808228
Missed Sample: 3087870895
Missed Sample: 3087944193
Missed Sample: 3088008720
Missed Sample: 3088070951
Missed Sample: 3088183988
Missed Sample: 3088242406
Missed Sample: 3088356256
Missed Sample: 3088470053
Missed Sample: 3088584014
Missed Sample: 3088643445
Missed Sample: 3088757992
Missed Sample: 3088873005
Missed Sample: 3088990038
Missed Sample: 3089105136
Missed Sample: 3089219232
Missed Sample: 3089334438
Missed Sample: 3089394408
Missed Sample: 3089451030
Missed Sample: 3089510295
Missed Sample: 3089625631
Missed Sample: 3089682268
Missed Sample: 3089800629
Missed Sample: 3089857333
Missed Sample: 3089919150
Missed Sample: 3090092144
Missed Sample: 3090148548
Missed Sample: 3090266408
Missed Sample: 3090329261
Missed Sample: 3090386802
Missed Sample: 3090450343
Missed Sample: 3090507878
Missed Sample: 3090571284
Missed Sample: 3090635542
Missed Sample: 3090694139
Sample Separation: 3090712880
Missed Sample: 3090757911
Missed Sample: 3090815008
Missed Sample: 3090871811
Missed Sample: 3090945055
Missed Sample: 3091013338
Missed Sample: 3091077720
Missed Sample: 3091362203
Missed Sample: 3091422585
Missed Sample: 3091539120
Missed Sample: 3091595550
Missed Sample: 3091654805
Missed Sample: 3091716663
Missed Sample: 3091832316
Missed Sample: 3091888757
Missed Sample: 3091948112
Missed Sample: 3092004868
Missed Sample: 3092064610
Missed Sample: 3092126722
Missed Sample: 3092243797
Missed Sample: 3092363096
Missed Sample: 3092477774
Missed Sample: 3092534654
Missed Sample: 3092594071
Missed Sample: 3092655164
Missed Sample: 3092771791
Missed Sample: 3092828957
Missed Sample: 3092887942
Missed Sample: 3093022055
Missed Sample: 3093078555
Missed Sample: 3093196792
Missed Sample: 3093254209
Missed Sample: 3093313072
Missed Sample: 3093482994
Missed Sample: 3093544095
Missed Sample: 3093657927
Missed Sample: 3093774396
Missed Sample: 3093837897
Missed Sample: 3093898424
Missed Sample: 3093972858
Missed Sample: 3094043856
Missed Sample: 3094102203
Missed Sample: 3094162175
Missed Sample: 3094219915
Missed Sample: 3094283190
Missed Sample: 3094511270
Missed Sample: 3094625724
Missed Sample: 3094685376
Missed Sample: 3094742718
Missed Sample: 3094804534
Missed Sample: 3094977643
Missed Sample: 3095037159
Missed Sample: 3095094147
Missed Sample: 3095154501
Missed Sample: 3095270223
Missed Sample: 3095331180
Missed Sample: 3095390083
Missed Sample: 3095450000
Missed Sample: 3095565368
Missed Sample: 3095681009
Missed Sample: 3095795710
Missed Sample: 3095852036
Missed Sample: 3095912413
Missed Sample: 3096033103
Missed Sample: 3096089504
Missed Sample: 3096149489
Missed Sample: 3096267667
Missed Sample: 3096382293
Missed Sample: 3096439201
Missed Sample: 3096557387
Missed Sample: 3096614062
Missed Sample: 3096673508
Missed Sample: 3096844482
Missed Sample: 3096974699
Missed Sample: 3097039143
Missed Sample: 3097099480
Missed Sample: 3097157739
Missed Sample: 3097218568
Missed Sample: 3097276756
Missed Sample: 3097339477
Missed Sample: 3097397871
Missed Sample: 3097462250
Missed Sample: 3097524013
Missed Sample: 3097581486
Missed Sample: 3097644663
Missed Sample: 3097703035
Missed Sample: 3097764975
Missed Sample: 3097880474
Missed Sample: 3097937646
Missed Sample: 3097998628
Missed Sample: 3098060699
Missed Sample: 3098177914
Missed Sample: 3098234344
Missed Sample: 3098351182
Missed Sample: 3098412467
Missed Sample: 3098470369
Missed Sample: 3098531001
Missed Sample: 3098648563
Missed Sample: 3098709261
Missed Sample: 3098826482
Missed Sample: 3098942785
Missed Sample: 3099060051
Missed Sample: 3099176210
Missed Sample: 3099292466
Missed Sample: 3099407478
Missed Sample: 3099525769
Missed Sample: 3099641196
Missed Sample: 3099697682
Missed Sample: 3099757005
Missed Sample: 3099872693
Missed Sample: 3099937047
Missed Sample: 3100001107
Missed Sample: 3100072930
Missed Sample: 3100468633
Missed Sample: 3100640092
Missed Sample: 3100701703
Missed Sample: 3100759833
Missed Sample: 3100822744
Missed Sample: 3100881090
Missed Sample: 3100944847
Missed Sample: 3101006121
Missed Sample: 3101063713
Missed Sample: 3101126839
Missed Sample: 3101185737
Missed Sample: 3101248137
Missed Sample: 3101420610
Missed Sample: 3101481255
Missed Sample: 3101595704
Missed Sample: 3101656911
Missed Sample: 3101713480
Missed Sample: 3101773953
Missed Sample: 3101950486
Missed Sample: 3102122462
Missed Sample: 3102179437
Missed Sample: 3102240157
Missed Sample: 3102356429
Missed Sample: 3102416242
Missed Sample: 3102472603
Missed Sample: 3102532951
Missed Sample: 3102589425
Missed Sample: 3102649271
Missed Sample: 3102765337
Missed Sample: 3102884715
Missed Sample: 3102948871
Missed Sample: 3103017677
Missed Sample: 3103082480
Missed Sample: 3103143077
Missed Sample: 3103256627
Missed Sample: 3103431311
Missed Sample: 3103487960
Missed Sample: 3103547049
Missed Sample: 3103719097
Missed Sample: 3103832115
Missed Sample: 3103893413
Missed Sample: 3104010129
Missed Sample: 3104182238
Missed Sample: 3104239237
Missed Sample: 3104302236
Missed Sample: 3104364892
Missed Sample: 3104426185
Missed Sample: 3104486921
Missed Sample: 3104545004
Missed Sample: 3104608406
Missed Sample: 3104666662
Missed Sample: 3104729767
Missed Sample: 3104843948
Missed Sample: 3104904570
Missed Sample: 3105075944
Missed Sample: 3105193220
Missed Sample: 3105254689
Missed Sample: 3105370398
Missed Sample: 3105429977
Missed Sample: 3105486806
Missed Sample: 3105546788
Missed Sample: 3105663809
Missed Sample: 3105781051
Missed Sample: 3105841022
Missed Sample: 3105961392
Missed Sample: 3106022628
Missed Sample: 3106094586
Missed Sample: 3106322766
Missed Sample: 3106437517
Missed Sample: 3106554233
Missed Sample: 3106670856
Missed Sample: 3106786285
Missed Sample: 3106847623
Missed Sample: 3106907917
Missed Sample: 3107079264
Missed Sample: 3107192510
Missed Sample: 3107252884
Missed Sample: 3107309556
Missed Sample: 3107367728
Missed Sample: 3107482793
Missed Sample: 3107543376
Missed Sample: 3107600113
Missed Sample: 3107661967
Missed Sample: 3107720503
Missed Sample: 3107783751
Missed Sample: 3107848225
Missed Sample: 3107905436
Missed Sample: 3107967991
Missed Sample: 3108026278
Missed Sample: 3108089877
Missed Sample: 3108149429
Missed Sample: 3108212722
Missed Sample: 3108385772
Missed Sample: 3108442702
Missed Sample: 3108560518
Missed Sample: 3108621396
Missed Sample: 3108735889
Missed Sample: 3108795700
Missed Sample: 3108852364
Missed Sample: 3108912908
Missed Sample: 3108970978
Missed Sample: 3109045257
Missed Sample: 3109110696
Missed Sample: 3109343642
Missed Sample: 3109459518
Missed Sample: 3109575089
Missed Sample: 3109691253
Missed Sample: 3109806878
Missed Sample: 3109867778
Missed Sample: 3110037043
Missed Sample: 3110152963
Missed Sample: 3110272379
Missed Sample: 3110388183
Missed Sample: 3110445349
Missed Sample: 3110560560
Missed Sample: 3110673670
Missed Sample: 3110733576
Missed Sample: 3110847227
Missed Sample: 3110960695
Missed Sample: 3111022223
Missed Sample: 3111139680
Missed Sample: 3111197969
Missed Sample: 3111261648
Missed Sample: 3111325213
Missed Sample: 3111382385
Missed Sample: 3111445502
Missed Sample: 3111503642
Missed Sample: 3111567235
Missed Sample: 3111626375
Missed Sample: 3111684966
Missed Sample: 3111742336
Missed Sample: 3111803015
Missed Sample: 3111864696
Missed Sample: 3111986139
Missed Sample: 3112051964
Missed Sample: 3112117661
Missed Sample: 3112176683
Missed Sample: 3112234247
Missed Sample: 3112291190
Missed Sample: 3112351769
Missed Sample: 3112467334
Missed Sample: 3112529172
Missed Sample: 3112643579
Missed Sample: 3112700066
Missed Sample: 3112759707
Missed Sample: 3112816888
Missed Sample: 3112877045
Missed Sample: 3112939089
Missed Sample: 3113056241
Missed Sample: 3113172932
Missed Sample: 3113288193
Missed Sample: 3113401998
Missed Sample: 3113459970
Missed Sample: 3113519319
Missed Sample: 3113580916
Missed Sample: 3113695694
Missed Sample: 3113752000
Missed Sample: 3113810469
Missed Sample: 3113925494
Missed Sample: 3114040160
Missed Sample: 3114099612
Missed Sample: 3114156338
Missed Sample: 3114217351
Missed Sample: 3114390438
Missed Sample: 3114446857
Missed Sample: 3114508374
Missed Sample: 3114622755
Missed Sample: 3114685307
Missed Sample: 3114744151
Missed Sample: 3114807085
Missed Sample: 3114865555
Missed Sample: 3114927113
Missed Sample: 3114988339
Missed Sample: 3115061580
Missed Sample: 3115129452
Missed Sample: 3115188976
Missed Sample: 3115418850
Missed Sample: 3115479715
Missed Sample: 3115595219
Missed Sample: 3115770907
Missed Sample: 3115827606
Missed Sample: 3115944208
Missed Sample: 3116000628
Missed Sample: 3116061361
Missed Sample: 3116121104
Missed Sample: 3116177906
Missed Sample: 3116238016
Missed Sample: 3116294646
Missed Sample: 3116355487
Missed Sample: 3116471443
Missed Sample: 3116585826
Missed Sample: 3116707378
Missed Sample: 3116823370
Missed Sample: 3116938286
Missed Sample: 3117053911
Missed Sample: 3117169384
Missed Sample: 3117282348
Missed Sample: 3117343281
Missed Sample: 3117457904
Missed Sample: 3117573996
Missed Sample: 3117746604
Missed Sample: 3117803042
Missed Sample: 3117864580
Missed Sample: 3118042180
Missed Sample: 3118112529
Missed Sample: 3118178361
Missed Sample: 3118297050
Missed Sample: 3118353777
Missed Sample: 3118416608
Missed Sample: 3118474456
Missed Sample: 3118538862
Missed Sample: 3118597026
Missed Sample: 3118657648
Missed Sample: 3118717307
Missed Sample: 3118774085
Missed Sample: 3118830853
Missed Sample: 3118892488
Missed Sample: 3118953608
Missed Sample: 3119069642
Missed Sample: 3119129263
Missed Sample: 3119186306
Missed Sample: 3119247014
Missed Sample: 3119418532
Missed Sample: 3119477442
Missed Sample: 3119538037
Missed Sample: 3119597664
Missed Sample: 3119655258
Missed Sample: 3119714798
Missed Sample: 3119771506
Missed Sample: 3119831737
Missed Sample: 3119888901
Missed Sample: 3119948850
Missed Sample: 3120005282
Missed Sample: 3120065630
Missed Sample: 3120186254
Missed Sample: 3120301514
Missed Sample: 3120416445
Missed Sample: 3120533540
Missed Sample: 3120648696
Missed Sample: 3120823338
Missed Sample: 3120880524
Missed Sample: 3120939649
Missed Sample: 3121065508
Missed Sample: 3121134644
Missed Sample: 3121249243
Missed Sample: 3121531245
Missed Sample: 3121594351
Missed Sample: 3121657112
Missed Sample: 3121715533
Missed Sample: 3121779451
Missed Sample: 3121835998
Missed Sample: 3121898440
Missed Sample: 3121956903
Missed Sample: 3122020470
Missed Sample: 3122084159
Missed Sample: 3122141997
Missed Sample: 3122314347
Missed Sample: 3122487527
Missed Sample: 3122547115
Missed Sample: 3122604489
Missed Sample: 3122664931
Missed Sample: 3122781810
Missed Sample: 3122843732
Missed Sample: 3122960272
Missed Sample: 3123078397
Missed Sample: 3123195263
Missed Sample: 3123312671
Missed Sample: 3123429903
Missed Sample: 3123489536
Missed Sample: 3123546960
Missed Sample: 3123607045
Missed Sample: 3123721564
Missed Sample: 3123783225
Missed Sample: 3123897899
Missed Sample: 3123954956
Missed Sample: 3124019427
Missed Sample: 3124085396
Missed Sample: 3124157725
Missed Sample: 3124214721
Missed Sample: 3124271125
Missed Sample: 3124442614
Missed Sample: 3124499255
Missed Sample: 3124559451
Missed Sample: 3124673123
Missed Sample: 3124733429
Missed Sample: 3124791064
Missed Sample: 3124848716
Missed Sample: 3125022206
Missed Sample: 3125080553
Missed Sample: 3125143627
Missed Sample: 3125201926
Missed Sample: 3125266457
Missed Sample: 3125322950
Missed Sample: 3125386530
Missed Sample: 3125447017
Missed Sample: 3125511372
Missed Sample: 3125574705
Sample Insertion: 3125590250
Missed Sample: 3125691239
Missed Sample: 3125747760
Missed Sample: 3125864281
Missed Sample: 3125926225
Missed Sample: 3125983608
Missed Sample: 3126044329
Missed Sample: 3126105195
Missed Sample: 3126277449
Missed Sample: 3126394873
Missed Sample: 3126454617
Missed Sample: 3126571671
Missed Sample: 3126686952
Missed Sample: 3126747954
Missed Sample: 3126863919
Missed Sample: 3126981579
Missed Sample: 3127044844
Missed Sample: 3127115277
Missed Sample: 3127178583
Missed Sample: 3127237675
Missed Sample: 3127465226
Missed Sample: 3127586181
Missed Sample: 3127699980
Missed Sample: 3127817323
Missed Sample: 3127930793
Missed Sample: 3128104657
Missed Sample: 3128221175
Missed Sample: 3128450596
Missed Sample: 3128514289
Missed Sample: 3128572469
Missed Sample: 3128635862
Missed Sample: 3128694485
Missed Sample: 3128757567
Missed Sample: 3128814069
Missed Sample: 3128877094
Missed Sample: 3128935738
Missed Sample: 3128999422
Missed Sample: 3129056168
Missed Sample: 3129115705
Missed Sample: 3129176457
Missed Sample: 3129233454
Missed Sample: 3129293977
Missed Sample: 3129406715
Missed Sample: 3129468557
Missed Sample: 3129529331
Missed Sample: 3129643659
Missed Sample: 3129705887
Missed Sample: 3129821159
Missed Sample: 3129878414
Missed Sample: 3129938338
Missed Sample: 3129999078
Missed Sample: 3130064157
Missed Sample: 3130132879
Missed Sample: 3130192199
Missed Sample: 3130253155
Missed Sample: 3130366193
Missed Sample: 3130538818
Missed Sample: 3130655263
Missed Sample: 3130770474
Missed Sample: 3130826916
Missed Sample: 3130946539
Missed Sample: 3131062546
Missed Sample: 3131119248
Missed Sample: 3131178684
Missed Sample: 3131293884
Missed Sample: 3131467183
Missed Sample: 3131525325
Missed Sample: 3131587335
Missed Sample: 3131816605
Missed Sample: 3131873529
Missed Sample: 3131931254
Missed Sample: 3131990448
Missed Sample: 3132048736
Missed Sample: 3132112503
Missed Sample: 3132171175
Missed Sample: 3132235523
Missed Sample: 3132292141
Missed Sample: 3132355270
Missed Sample: 3132417710
Missed Sample: 3132477020
Missed Sample: 3132538990
Missed Sample: 3132708689
Missed Sample: 3132769169
Missed Sample: 3132884971
Missed Sample: 3132944988
Missed Sample: 3133065721
Missed Sample: 3133132128
Missed Sample: 3133196560
Missed Sample: 3133255666
Missed Sample: 3133369428
Missed Sample: 3133429692
Missed Sample: 3133545889
Missed Sample: 3133662614
Missed Sample: 3133722437
Missed Sample: 3133779219
Missed Sample: 3133839285
Missed Sample: 3133896212
Missed Sample: 3133955784
Missed Sample: 3134012198
Missed Sample: 3134072118
Missed Sample: 3134187646
Missed Sample: 3134248993
Missed Sample: 3134364880
Missed Sample: 3134427559
Missed Sample: 3134541150
Missed Sample: 3134602036
Missed Sample: 3134716407
Missed Sample: 3134776530
Missed Sample: 3134890507
Missed Sample: 3135007207
Missed Sample: 3135120107
Missed Sample: 3135180322
Missed Sample: 3135297106
Missed Sample: 3135471234
Missed Sample: 3135529531
Missed Sample: 3135593001
Missed Sample: 3135651708
Missed Sample: 3135713981
Missed Sample: 3135772227
Missed Sample: 3135835528
Missed Sample: 3135899100
Missed Sample: 3135958339
Missed Sample: 3136018944
Missed Sample: 3136078169
Missed Sample: 3136145574
Missed Sample: 3136215288
Missed Sample: 3136273952
Missed Sample: 3136391185
Missed Sample: 3136452288
Missed Sample: 3136509309
Missed Sample: 3136565845
Missed Sample: 3136627182
Missed Sample: 3136686926
Missed Sample: 3136803707
Missed Sample: 3136860233
Missed Sample: 3136920090
Missed Sample: 3136980174
Missed Sample: 3137096257
Missed Sample: 3137152930
Missed Sample: 3137213363
Missed Sample: 3137328512
Missed Sample: 3137388229
Missed Sample: 3137504308
Missed Sample: 3137560996
Missed Sample: 3137619567
Missed Sample: 3137737089
Missed Sample: 3137853255
Missed Sample: 3137966676
Missed Sample: 3138082191
Missed Sample: 3138142895
Missed Sample: 3138256627
Missed Sample: 3138373852
Missed Sample: 3138486689
Missed Sample: 3138547122
Missed Sample: 3138660863
Missed Sample: 3138777895
Missed Sample: 3138953165
Missed Sample: 3139011080
Missed Sample: 3139078951
Missed Sample: 3139148161
Missed Sample: 3139219329
Missed Sample: 3139275790
Missed Sample: 3139336482
Missed Sample: 3139399083
Missed Sample: 3139458324
Missed Sample: 3139574121
Missed Sample: 3139634063
Missed Sample: 3139750676
Missed Sample: 3139810518
Missed Sample: 3139981795
Missed Sample: 3140038223
Missed Sample: 3140099697
Missed Sample: 3140160450
Missed Sample: 3140275566
Missed Sample: 3140391058
Missed Sample: 3140453055
Missed Sample: 3140509493
Missed Sample: 3140572795
Missed Sample: 3140686932
Missed Sample: 3140743513
Missed Sample: 3140802390
Missed Sample: 3140916573
Missed Sample: 3141034291
Missed Sample: 3141150129
Missed Sample: 3141269063
Missed Sample: 3141385118
Missed Sample: 3141500699
Missed Sample: 3141615929
Missed Sample: 3141788641
Missed Sample: 3141902472
Missed Sample: 3142075563
Missed Sample: 3142140561
Missed Sample: 3142206759
Missed Sample: 3142269509
Missed Sample: 3142382860
Missed Sample: 3142445575
Missed Sample: 3142503605
Missed Sample: 3142567258
Missed Sample: 3142626312
Missed Sample: 3142687822
Missed Sample: 3142750492
Missed Sample: 3142810037
Missed Sample: 3142874031
Missed Sample: 3142931853
Missed Sample: 3142993340
Missed Sample: 3143106886
Missed Sample: 3143163454
Missed Sample: 3143223772
Missed Sample: 3143284084
Missed Sample: 3143456905
Missed Sample: 3143576030
Missed Sample: 3143637196
Missed Sample: 3143754071
Missed Sample: 3143811030
Missed Sample: 3143870727
Missed Sample: 3143933645
Missed Sample: 3144048444
Missed Sample: 3144163160
Missed Sample: 3144236608
Missed Sample: 3144294910
Missed Sample: 3144408941
Missed Sample: 3144525918
Missed Sample: 3144640274
Missed Sample: 3144758752
Missed Sample: 3144872732
Missed Sample: 3144929319
Missed Sample: 3144988402
Missed Sample: 3145111295
Missed Sample: 3145178576
Missed Sample: 3145240388
Missed Sample: 3145302297
Missed Sample: 3145642186
Missed Sample: 3145755773
Missed Sample: 3145870222
Missed Sample: 3145932641
Missed Sample: 3145991296
Missed Sample: 3146054702
Missed Sample: 3146113346
Missed Sample: 3146174926
Missed Sample: 3146237442
Missed Sample: 3146295788
Missed Sample: 3146359997
Missed Sample: 3146419002
Missed Sample: 3146479999
Missed Sample: 3146650721
Missed Sample: 3146711157
Missed Sample: 3146826670
Missed Sample: 3146888340
Missed Sample: 3147004657
Missed Sample: 3147179538
Missed Sample: 3147292839
Missed Sample: 3147351743
Missed Sample: 3147467986
Missed Sample: 3147584385
Missed Sample: 3147706714
Missed Sample: 3147823761
Missed Sample: 3147939489
Missed Sample: 3148055705
Missed Sample: 3148113980
Missed Sample: 3148186980
Missed Sample: 3148251588
Missed Sample: 3148309262
Missed Sample: 3148421977
Missed Sample: 3148534797
Missed Sample: 3148596498
Missed Sample: 3148655602
Missed Sample: 3148827499
Missed Sample: 3148940738
Missed Sample: 3149000986
Missed Sample: 3149058077
Missed Sample: 3149116810
Missed Sample: 3149231055
Missed Sample: 3149291858
Missed Sample: 3149348550
Missed Sample: 3149411565
Missed Sample: 3149469968
Missed Sample: 3149534510
Missed Sample: 3149593965
Missed Sample: 3149655465
Missed Sample: 3149718807
Missed Sample: 3149777502
Missed Sample: 3149841452
Missed Sample: 3149898969
Missed Sample: 3150012382
Missed Sample: 3150130459
Missed Sample: 3150190276
Missed Sample: 3150306213
Missed Sample: 3150365592
Missed Sample: 3150422573
Missed Sample: 3150483390
Missed Sample: 3150658860
Missed Sample: 3150831249
Missed Sample: 3150887717
Missed Sample: 3150947538
Missed Sample: 3151003953
Missed Sample: 3151064351
Missed Sample: 3151129831
Missed Sample: 3151203680
Missed Sample: 3151265186
Missed Sample: 3151327121
Missed Sample: 3151440086
Missed Sample: 3151555089
Missed Sample: 3151612366
Missed Sample: 3151671390
Missed Sample: 3151785840
Missed Sample: 3151900943
Missed Sample: 3152016309
Missed Sample: 3152077365
Missed Sample: 3152191304
Missed Sample: 3152308071
Missed Sample: 3152421939
Missed Sample: 3152481742
Missed Sample: 3152538216
Missed Sample: 3152600937
Missed Sample: 3152773062
Missed Sample: 3152892216
Missed Sample: 3152950076
Missed Sample: 3153013547
Missed Sample: 3153076161
Missed Sample: 3153132569
Missed Sample: 3153195478
Missed Sample: 3153254065
Missed Sample: 3153317857
Missed Sample: 3153375334
Missed Sample: 3153434342
Missed Sample: 3153549932
Missed Sample: 3153609661
Missed Sample: 3153780926
Missed Sample: 3153837446
Missed Sample: 3153899924
Missed Sample: 3153960305
Missed Sample: 3154075073
Missed Sample: 3154139062
Missed Sample: 3154207843
Missed Sample: 3154274676
Missed Sample: 3154331467
Missed Sample: 3154388357
Missed Sample: 3154503804
Missed Sample: 3154565494
Missed Sample: 3154683080
Missed Sample: 3154799921
Missed Sample: 3154916572
Missed Sample: 3155031813
Missed Sample: 3155145243
Missed Sample: 3155261113
Missed Sample: 3155321393
Missed Sample: 3155435969
Missed Sample: 3155492767
Missed Sample: 3155551459
Missed Sample: 3155608800
Missed Sample: 3155668359
Missed Sample: 3155842636
Missed Sample: 3155959604
Missed Sample: 3156131344
Missed Sample: 3156248341
Missed Sample: 3156305681
Missed Sample: 3156368733
Missed Sample: 3156426941
Missed Sample: 3156491108
Missed Sample: 3156552898
Missed Sample: 3156611498
Missed Sample: 3156674723
Missed Sample: 3156733308
Missed Sample: 3156797060
Missed Sample: 3156910790
Missed Sample: 3156967584
Missed Sample: 3157028361
Missed Sample: 3157088941
Missed Sample: 3157153237
Missed Sample: 3157220272
Missed Sample: 3157288522
Missed Sample: 3157347593
Missed Sample: 3157462457
Missed Sample: 3157579128
Missed Sample: 3157640902
Missed Sample: 3157755892
Missed Sample: 3157872399
Missed Sample: 3157987432
Missed Sample: 3158047374
Missed Sample: 3158162968
Missed Sample: 3158278033
Missed Sample: 3158395535
Missed Sample: 3158511384
Missed Sample: 3158627666
Missed Sample: 3158684322
Missed Sample: 3158743523
Missed Sample: 3158803501
Missed Sample: 3158918077
Missed Sample: 3159035252
Missed Sample: 3159148610
Missed Sample: 3159209672
Missed Sample: 3159324260
Missed Sample: 3159439759
Missed Sample: 3159612554
Missed Sample: 3159784648
Missed Sample: 3159847398
Missed Sample: 3159905245
Missed Sample: 3159968864
Missed Sample: 3160029864
Missed Sample: 3160087869
Missed Sample: 3160153602
Missed Sample: 3160223480
Missed Sample: 3160295579
Missed Sample: 3160352087
Missed Sample: 3160523089
Missed Sample: 3160583948
Missed Sample: 3160698334
Missed Sample: 3160868875
Missed Sample: 3160987211
Missed Sample: 3161047117
Missed Sample: 3161162030
Missed Sample: 3161279167
Missed Sample: 3161339709
Missed Sample: 3161454193
Missed Sample: 3161570878
Missed Sample: 3161628033
Missed Sample: 3161689296
Missed Sample: 3161805445
Missed Sample: 3161924848
Missed Sample: 3162041701
Missed Sample: 3162155977
Missed Sample: 3162270553
Missed Sample: 3162385480
Missed Sample: 3162442050
Missed Sample: 3162561249
Missed Sample: 3162618324
Missed Sample: 3162677272
Missed Sample: 3162792295
Missed Sample: 3162967558
Missed Sample: 3163138700
Missed Sample: 3163217016
Missed Sample: 3163284395
Missed Sample: 3163349832
Missed Sample: 3163409975
Missed Sample: 3163468454
Missed Sample: 3163529245
Missed Sample: 3163587481
Missed Sample: 3163651004
Missed Sample: 3163709455
Missed Sample: 3163824599
Missed Sample: 3163884421
Missed Sample: 3163999744
Missed Sample: 3164059454
Missed Sample: 3164175084
Missed Sample: 3164348545
Missed Sample: 3164408634
Missed Sample: 3164523856
Missed Sample: 3164580660
Missed Sample: 3164643030
Missed Sample: 3164703818
Missed Sample: 3164821195
Missed Sample: 3164935461
Missed Sample: 3164991815
Missed Sample: 3165051163
Missed Sample: 3165165695
Missed Sample: 3165226284
Missed Sample: 3165282819
Missed Sample: 3165342394
Missed Sample: 3165458100
Missed Sample: 3165519106
Missed Sample: 3165634563
Missed Sample: 3165691092
Missed Sample: 3165750189
Missed Sample: 3165866807
Missed Sample: 3165980555
Missed Sample: 3166041070
Missed Sample: 3166155194
Missed Sample: 3166223075
Missed Sample: 3166292089
Missed Sample: 3166353159
Missed Sample: 3166467222
Missed Sample: 3166639074
Missed Sample: 3166698203
Missed Sample: 3166756028
Missed Sample: 3166819653
Missed Sample: 3166883344
Missed Sample: 3166942121
Missed Sample: 3167003295
Missed Sample: 3167061437
Missed Sample: 3167125029
Missed Sample: 3167184050
Missed Sample: 3167245978
Missed Sample: 3167417261
Missed Sample: 3167477335
Missed Sample: 3167537206
Missed Sample: 3167593502
Missed Sample: 3167656072
Missed Sample: 3167830456
Missed Sample: 3167887707
Missed Sample: 3168004461
Missed Sample: 3168121791
Missed Sample: 3168182139
Missed Sample: 3168298486
Missed Sample: 3168413466
Missed Sample: 3168475202
Missed Sample: 3168592349
Missed Sample: 3168709339
Missed Sample: 3168825487
Missed Sample: 3168940801
Missed Sample: 3169054802
Missed Sample: 3169169533
Missed Sample: 3169242672
Missed Sample: 3169306897
Missed Sample: 3169369958
Missed Sample: 3169483258
Missed Sample: 3169596645
Missed Sample: 3169657770
Missed Sample: 3169771569
Missed Sample: 3169887588
Missed Sample: 3169948287
Missed Sample: 3170062192
Missed Sample: 3170178148
Missed Sample: 3170235767
Missed Sample: 3170298993
Missed Sample: 3170362410
Missed Sample: 3170419867
Missed Sample: 3170482066
Missed Sample: 3170540298
Missed Sample: 3170604222
Missed Sample: 3170665686
Missed Sample: 3170780974
Missed Sample: 3170840292
Missed Sample: 3170955081
Missed Sample: 3171014762
Missed Sample: 3171071315
Missed Sample: 3171132262
Missed Sample: 3171305171
Missed Sample: 3171365810
Missed Sample: 3171422919
Missed Sample: 3171483752
Missed Sample: 3171600368
Missed Sample: 3171661523
Missed Sample: 3171777655
Missed Sample: 3171893661
Missed Sample: 3172010803
Missed Sample: 3172126994
Missed Sample: 3172186009
Missed Sample: 3172257301
Missed Sample: 3172323772
Missed Sample: 3172383062
Missed Sample: 3172498405
Missed Sample: 3172611589
Missed Sample: 3172668414
Missed Sample: 3172727567
Missed Sample: 3172843809
Missed Sample: 3172959090
Missed Sample: 3173019323
Missed Sample: 3173075866
Missed Sample: 3173135839
Missed Sample: 3173250834
Missed Sample: 3173311851
Missed Sample: 3173425734
Missed Sample: 3173597641
Missed Sample: 3173662824
Missed Sample: 3173725652
Missed Sample: 3173784127
Missed Sample: 3173848236
Missed Sample: 3173904533
Missed Sample: 3173967729
Missed Sample: 3174025456
Missed Sample: 3174089131
Missed Sample: 3174146105
Missed Sample: 3174207887
Missed Sample: 3174323027
Missed Sample: 3174385432
Missed Sample: 3174441847
Missed Sample: 3174502532
Missed Sample: 3174559155
Missed Sample: 3174615622
Missed Sample: 3174676936
Missed Sample: 3174737208
Missed Sample: 3174854252
Missed Sample: 3174969268
Missed Sample: 3175030466
Missed Sample: 3175147483
Missed Sample: 3175208161
Missed Sample: 3175276866
Missed Sample: 3175343149
Missed Sample: 3175403758
Missed Sample: 3175462416
Missed Sample: 3175576372
Missed Sample: 3175691717
Missed Sample: 3175749178
Missed Sample: 3175808752
Missed Sample: 3175865167
Missed Sample: 3175924210
Missed Sample: 3175985524
Missed Sample: 3176101021
Missed Sample: 3176157835
Missed Sample: 3176216397
Missed Sample: 3176332598
Missed Sample: 3176445504
Missed Sample: 3176506401
Missed Sample: 3176619471
Missed Sample: 3176676353
Missed Sample: 3176736502
Missed Sample: 3176909381
Missed Sample: 3177080545
Missed Sample: 3177143744
Missed Sample: 3177207040
Missed Sample: 3177264808
Missed Sample: 3177329169
Missed Sample: 3177385724
Missed Sample: 3177448744
Missed Sample: 3177506901
Missed Sample: 3177570195
Missed Sample: 3177628097
Missed Sample: 3177689524
Missed Sample: 3177748606
Missed Sample: 3177805043
Missed Sample: 3177861736
Missed Sample: 3177922851
Missed Sample: 3177984792
Missed Sample: 3178041389
Missed Sample: 3178101688
Missed Sample: 3178161507
Missed Sample: 3178289686
Missed Sample: 3178355409
Missed Sample: 3178413698
Missed Sample: 3178471533
Missed Sample: 3178587269
Missed Sample: 3178646182
Missed Sample: 3178702682
Missed Sample: 3178762593
Missed Sample: 3178819202
Missed Sample: 3178879237
Missed Sample: 3178993365
Missed Sample: 3179106448
Missed Sample: 3179226956
Missed Sample: 3179341145
Missed Sample: 3179397841
Missed Sample: 3179457256
Missed Sample: 3179571491
Missed Sample: 3179689862
Missed Sample: 3179746793
Missed Sample: 3179805848
Missed Sample: 3179866187
Missed Sample: 3179922846
Missed Sample: 3179981821
Missed Sample: 3180097232
Missed Sample: 3180154349
Missed Sample: 3180270733
Missed Sample: 3180442541
Missed Sample: 3180616487
Missed Sample: 3180679860
Missed Sample: 3180737960
Missed Sample: 3180801479
Missed Sample: 3180920760
Missed Sample: 3180978947
Missed Sample: 3181042554
Missed Sample: 3181106110
Missed Sample: 3181163659
Missed Sample: 3181220774
Missed Sample: 3181290662
Missed Sample: 3181360456
Missed Sample: 3181421459
Missed Sample: 3181535768
Missed Sample: 3181597337
Missed Sample: 3181712415
Missed Sample: 3181774281
Missed Sample: 3181831137
Missed Sample: 3181891520
Missed Sample: 3182007651
Missed Sample: 3182125170
Missed Sample: 3182185926
Missed Sample: 3182301486
Missed Sample: 3182417427
Missed Sample: 3182533095
Missed Sample: 3182591699
Missed Sample: 3182712354
Missed Sample: 3182829009
Missed Sample: 3182944444
Missed Sample: 3183119707
Missed Sample: 3183235129
Missed Sample: 3183349509
Missed Sample: 3183520204
Missed Sample: 3183637093
Missed Sample: 3183753058
Missed Sample: 3183980314
Missed Sample: 3184041386
Missed Sample: 3184099216
Missed Sample: 3184162513
Missed Sample: 3184222428
Missed Sample: 3184297086
Missed Sample: 3184363826
Missed Sample: 3184430079
Missed Sample: 3184486769
Missed Sample: 3184550232
Missed Sample: 3184609456
Missed Sample: 3184724511
Missed Sample: 3184899003
Missed Sample: 3184959234
Missed Sample: 3185074171
Missed Sample: 3185136070
Missed Sample: 3185251963
Missed Sample: 3185368373
Missed Sample: 3185545041
Missed Sample: 3185662043
Missed Sample: 3185720306
Missed Sample: 3185834665
Missed Sample: 3185949781
Missed Sample: 3186010827
Missed Sample: 3186070738
Missed Sample: 3186187122
Missed Sample: 3186243492
Missed Sample: 3186302840
Missed Sample: 3186418947
Missed Sample: 3186533185
Missed Sample: 3186708031
Missed Sample: 3186765275
Missed Sample: 3186824826
Missed Sample: 3186940199
Missed Sample: 3186996646
Missed Sample: 3187115186
Missed Sample: 3187232435
Missed Sample: 3187299144
Missed Sample: 3187362979
Missed Sample: 3187427826
Missed Sample: 3187485422
Missed Sample: 3187544322
Missed Sample: 3187601204
Missed Sample: 3187663804
Missed Sample: 3187722396
Missed Sample: 3187784920
Missed Sample: 3187841890
Missed Sample: 3187905204
Missed Sample: 3187963285
Missed Sample: 3188027597
Missed Sample: 3188084326
Missed Sample: 3188143477
Missed Sample: 3188204377
Missed Sample: 3188320667
Missed Sample: 3188377006
Missed Sample: 3188494592
Missed Sample: 3188555128
Missed Sample: 3188671228
Missed Sample: 3188734770
Missed Sample: 3188850709
Missed Sample: 3188907620
Missed Sample: 3188967976
Missed Sample: 3189027780
Missed Sample: 3189143612
Missed Sample: 3189199997
Missed Sample: 3189260411
Missed Sample: 3189317911
Missed Sample: 3189377630
Missed Sample: 3189434594
Missed Sample: 3189494063
Missed Sample: 3189554785
Missed Sample: 3189668067
Missed Sample: 3189726576
Missed Sample: 3189842963
Missed Sample: 3189962907
Missed Sample: 3190078851
Missed Sample: 3190135793
Missed Sample: 3190195238
Missed Sample: 3190325572
Missed Sample: 3190390929
Missed Sample: 3190448123
Missed Sample: 3190509612
Missed Sample: 3190624807
Missed Sample: 3190851287
Missed Sample: 3190907925
Missed Sample: 3190965701
Missed Sample: 3191025485
Missed Sample: 3191083384
Missed Sample: 3191146561
Missed Sample: 3191205597
Missed Sample: 3191269324
Missed Sample: 3191388560
Missed Sample: 3191451600
Missed Sample: 3191510454
Missed Sample: 3191572312
Missed Sample: 3191744639
Missed Sample: 3191806219
Missed Sample: 3191862557
Missed Sample: 3191922559
Missed Sample: 3191983362
Missed Sample: 3192099186
Missed Sample: 3192155972
Missed Sample: 3192212753
Missed Sample: 3192273551
Missed Sample: 3192332009
Missed Sample: 3192389116
Missed Sample: 3192449243
Missed Sample: 3192564817
Missed Sample: 3192681448
Missed Sample: 3192741941
Missed Sample: 3192799114
Missed Sample: 3192859424
Missed Sample: 3192916545
Missed Sample: 3192976242
Missed Sample: 3193033084
Missed Sample: 3193092548
Missed Sample: 3193207677
Missed Sample: 3193271144
Missed Sample: 3193335691
Missed Sample: 3193403817
Missed Sample: 3193464282
Missed Sample: 3193635889
Missed Sample: 3193749087
Missed Sample: 3193810863
Missed Sample: 3193925646
Missed Sample: 3194042991
Missed Sample: 3194157284
Missed Sample: 3194216670
Missed Sample: 3194273922
Missed Sample: 3194334912
Missed Sample: 3194461669
Missed Sample: 3194528410
Missed Sample: 3194585604
Missed Sample: 3194649377
Missed Sample: 3194710408
Missed Sample: 3194772528
Missed Sample: 3194830656
Missed Sample: 3194894005
Missed Sample: 3194957299
Missed Sample: 3195016218
Missed Sample: 3195076939
Missed Sample: 3195248638
Missed Sample: 3195309526
Missed Sample: 3195366402
Missed Sample: 3195426383
Missed Sample: 3195486916
Missed Sample: 3195603379
Missed Sample: 3195716422
Missed Sample: 3195777517
Missed Sample: 3195836753
Missed Sample: 3195893745
Missed Sample: 3195954239
Missed Sample: 3196069931
Missed Sample: 3196186387
Missed Sample: 3196246298
Missed Sample: 3196311129
Missed Sample: 3196380281
Missed Sample: 3196445510
Missed Sample: 3196502703
Missed Sample: 3196730323
Missed Sample: 3196791541
Missed Sample: 3196906832
Missed Sample: 3196968388
Missed Sample: 3197138980
Missed Sample: 3197252138
Missed Sample: 3197312773
Missed Sample: 3197371866
Missed Sample: 3197544605
Missed Sample: 3197717027
Missed Sample: 3197776922
Missed Sample: 3197838930
Missed Sample: 3198013396
Missed Sample: 3198071713
Missed Sample: 3198135213
Missed Sample: 3198193788
Missed Sample: 3198255492
Missed Sample: 3198312960
Missed Sample: 3198376164
Missed Sample: 3198439383
Missed Sample: 3198498508
Missed Sample: 3198562403
Missed Sample: 3198787838
Missed Sample: 3198849550
Missed Sample: 3198909940
Missed Sample: 3198966485
Missed Sample: 3199025888
Missed Sample: 3199085721
Missed Sample: 3199142484
Missed Sample: 3199203143
Missed Sample: 3199323322
Missed Sample: 3199396763
Missed Sample: 3199457535
Missed Sample: 3199516018
Missed Sample: 3199572879
Missed Sample: 3199685917
Missed Sample: 3199802084
Missed Sample: 3199922303
Missed Sample: 3200037051
Missed Sample: 3200152232
Missed Sample: 3200209183
Missed Sample: 3200268473
Missed Sample: 3200324767
Missed Sample: 3200383498
Missed Sample: 3200499613
Missed Sample: 3200613224
Missed Sample: 3200674475
Missed Sample: 3200789871
Missed Sample: 3200846467
Missed Sample: 3200907876
Missed Sample: 3201020649
Missed Sample: 3201080928
Missed Sample: 3201137464
Missed Sample: 3201196061
Missed Sample: 3201368834
Missed Sample: 3201425260
Missed Sample: 3201488311
Missed Sample: 3201546599
Missed Sample: 3201610650
Missed Sample: 3201669287
Missed Sample: 3201731385
Missed Sample: 3201794001
Missed Sample: 3201852743
Missed Sample: 3201916214
Missed Sample: 3201972807
Missed Sample: 3202086179
Missed Sample: 3202204108
Missed Sample: 3202265254
Missed Sample: 3202330774
Missed Sample: 3202400664
Missed Sample: 3202467764
Missed Sample: 3202750299
Missed Sample: 3202809266
Missed Sample: 3202866613
Missed Sample: 3202926838
Missed Sample: 3202983310
Missed Sample: 3203042829
Missed Sample: 3203157970
Missed Sample: 3203273278
Missed Sample: 3203332483
Missed Sample: 3203447309
Missed Sample: 3203508757
Missed Sample: 3203625440
Missed Sample: 3203741645
Missed Sample: 3203799971
Missed Sample: 3203860254
Missed Sample: 3203976703
Missed Sample: 3204091438
Missed Sample: 3204152546
Missed Sample: 3204266759
Missed Sample: 3204384526
Missed Sample: 3204497292
Missed Sample: 3204558321
Missed Sample: 3204615431
Missed Sample: 3204676876
Missed Sample: 3204848723
Missed Sample: 3204967537
Missed Sample: 3205025588
Missed Sample: 3205089117
Missed Sample: 3205148426
Missed Sample: 3205210057
Missed Sample: 3205273712
High Voltage Off: 3205287670
Missed Sample: 3205339255
Missed Sample: 3205413635
Missed Sample: 3205480263
Missed Sample: 3205538033
Missed Sample: 3205767838
Missed Sample: 3205829904
Missed Sample: 3205886899
Missed Sample: 3206003272
Missed Sample: 3206120641
Missed Sample: 3206181931
Missed Sample: 3206296028
Missed Sample: 3206356635
Missed Sample: 3206474295
Missed Sample: 3206588729
Missed Sample: 3206704139
Missed Sample: 3206762537
Missed Sample: 3206821634
Missed Sample: 3206936868
Missed Sample: 3207052939
Missed Sample: 3207167812
Missed Sample: 3207287230
Missed Sample: 3207343931
Missed Sample: 3207403257
Missed Sample: 3207574300
Missed Sample: 3207691563
Missed Sample: 3207748437
Missed Sample: 3207810132
Missed Sample: 3208039915
Missed Sample: 3208153661
Missed Sample: 3208268648
Missed Sample: 3208334306
Missed Sample: 3208400452
Missed Sample: 3208471393
Missed Sample: 3208530818
Missed Sample: 3208592477
Missed Sample: 3208650591
Missed Sample: 3208712127
Missed Sample: 3208774390
Missed Sample: 3208832602
Missed Sample: 3208896721
Missed Sample: 3208953596
Missed Sample: 3209066981
Missed Sample: 3209123747
Missed Sample: 3209185672
Missed Sample: 3209247026
Missed Sample: 3209308123
Missed Sample: 3209423866
Missed Sample: 3209540646
Missed Sample: 3209597197
Missed Sample: 3209718417
Missed Sample: 3209776791
Missed Sample: 3209833728
Missed Sample: 3209893585
Missed Sample: 3209950030
Missed Sample: 3210010544
Missed Sample: 3210124865
Missed Sample: 3210240125
Missed Sample: 3210299377
Missed Sample: 3210413524
Missed Sample: 3210475110
Missed Sample: 3210591097
Missed Sample: 3210650000
Missed Sample: 3210766431
Missed Sample: 3210938531
Missed Sample: 3211052950
Missed Sample: 3211114511
Missed Sample: 3211173957
Missed Sample: 3211350122
Missed Sample: 3211414097
Missed Sample: 3211481010
Missed Sample: 3211542754
Missed Sample: 3211768829
Missed Sample: 3211828876
Missed Sample: 3211885838
Missed Sample: 3211949108
Missed Sample: 3212007468
Missed Sample: 3212071513
Missed Sample: 3212134414
Missed Sample: 3212191525
Missed Sample: 3212254432
Missed Sample: 3212311969
Missed Sample: 3212376085
Missed Sample: 3212432794
Missed Sample: 3212491860
Missed Sample: 3212548822
Missed Sample: 3212610610
Missed Sample: 3212671590
Missed Sample: 3212728819
Missed Sample: 3212789867
Missed Sample: 3212852351
Missed Sample: 3212912874
Missed Sample: 3213027501
Missed Sample: 3213084970
Missed Sample: 3213145431
Missed Sample: 3213205800
Missed Sample: 3213322555
Missed Sample: 3213439351
Missed Sample: 3213555745
Missed Sample: 3213615252
Missed Sample: 3213730969
Missed Sample: 3213845221
Missed Sample: 3213901732
Missed Sample: 3213961341
Missed Sample: 3214017856
Missed Sample: 3214077214
Missed Sample: 3214194344
Missed Sample: 3214310230
Missed Sample: 3214375640
Missed Sample: 3214443965
Missed Sample: 3214512208
Missed Sample: 3214910967
Missed Sample: 3215025103
Missed Sample: 3215140396
Missed Sample: 3215313327
Missed Sample: 3215431716
Missed Sample: 3215489565
Missed Sample: 3215553325
Missed Sample: 3215617189
Missed Sample: 3215673719
Missed Sample: 3215736168
Missed Sample: 3215795915
Missed Sample: 3215859753
Missed Sample: 3215916807
Missed Sample: 3215976044
Missed Sample: 3216090643
Missed Sample: 3216150630
Missed Sample: 3216321117
Missed Sample: 3216378224
Missed Sample: 3216440317
Missed Sample: 3216500606
Missed Sample: 3216615607
Missed Sample: 3216677314
Missed Sample: 3216791646
Missed Sample: 3216848169
Missed Sample: 3216908036
Missed Sample: 3216965160
Missed Sample: 3217025868
Missed Sample: 3217086090
Missed Sample: 3217426189
Missed Sample: 3217486492
Missed Sample: 3217552306
Missed Sample: 3217610520
Missed Sample: 3217726427
Missed Sample: 3217843303
Missed Sample: 3217957838
Missed Sample: 3218014882
Missed Sample: 3218135024
Missed Sample: 3218249940
Missed Sample: 3218367027
Missed Sample: 3218481824
Missed Sample: 3218542127
Missed Sample: 3218656731
Missed Sample: 3218830611
Missed Sample: 3218894354
Missed Sample: 3218952335
Missed Sample: 3219015736
Missed Sample: 3219077177
Missed Sample: 3219135531
Missed Sample: 3219198608
Missed Sample: 3219256077
Missed Sample: 3219317668
Missed Sample: 3219595810
Missed Sample: 3382510540
Signal Calibration: 3384980920
Missed Sample: 3385442071
Missed Sample: 3385501082
Missed Sample: 3385562582
Missed Sample: 3385625412
Missed Sample: 3385683883
Missed Sample: 3385747188
Missed Sample: 3385805270
Missed Sample: 3385867159
Missed Sample: 3385983518
Missed Sample: 3386052128
Missed Sample: 3386120682
Missed Sample: 3386181756
Missed Sample: 3386294988
Missed Sample: 3386355024
Missed Sample: 3386412153
Missed Sample: 3386473853
Missed Sample: 3386534307
Missed Sample: 3386649441
Missed Sample: 3386764233
Missed Sample: 3386825844
Missed Sample: 3386942739
Missed Sample: 3387057775
Missed Sample: 3387172998
Missed Sample: 3387229794
Missed Sample: 3387289075
Missed Sample: 3387350160
Missed Sample: 3387468258
Missed Sample: 3387582927
Missed Sample: 3387639555
Missed Sample: 3387698962
Missed Sample: 3387813546
Missed Sample: 3387873884
Missed Sample: 3387930920
Missed Sample: 3387990444
Missed Sample: 3388107225
Missed Sample: 3388281370
Missed Sample: 3388338059
Missed Sample: 3388399145
Missed Sample: 3388571557
Missed Sample: 3388628016
Missed Sample: 3388746058
Missed Sample: 3388809393
Missed Sample: 3388868151
Missed Sample: 3388932828
Missed Sample: 3388992666
Missed Sample: 3389066528
Missed Sample: 3389137739
Missed Sample: 3389197107
Missed Sample: 3389258288
Missed Sample: 3389483774
Missed Sample: 3389658988
Missed Sample: 3389715566
Missed Sample: 3389772648
Missed Sample: 3389834037
Missed Sample: 3389894443
Missed Sample: 3390010872
Missed Sample: 3390125790
Missed Sample: 3390187267
Missed Sample: 3390304855
Missed Sample: 3390419269
Missed Sample: 3390477816
Missed Sample: 3390537641
Missed Sample: 3390594132
Missed Sample: 3390653322
Missed Sample: 3390770143
Missed Sample: 3390884333
Missed Sample: 3391115478
Missed Sample: 3391231004
Missed Sample: 3391400292
Missed Sample: 3391519413
Missed Sample: 3391689629
High Voltage On: 3391704562
Missed Sample: 3391861628
Missed Sample: 3391918401
Missed Sample: 3391979219
Missed Sample: 3392048025
Missed Sample: 3392109804
Missed Sample: 3392177777
Missed Sample: 3392293787
Missed Sample: 3392351027
Missed Sample: 3392414623
Missed Sample: 3392471350
Missed Sample: 3392534750
Missed Sample: 3392598922
Missed Sample: 3392658298
Missed Sample: 3392721619
Missed Sample: 3392836534
Missed Sample: 3392949354
Missed Sample: 3393010748
Missed Sample: 3393070979
Missed Sample: 3393188051
Missed Sample: 3393249841
Missed Sample: 3393364406
Missed Sample: 3393422494
Missed Sample: 3393485125
Missed Sample: 3393544784
Missed Sample: 3393601436
Missed Sample: 3393661822
Missed Sample: 3393718249
Missed Sample: 3393778609
Missed Sample: 3393836179
Missed Sample: 3393896437
Missed Sample: 3394011347
Missed Sample: 3394073343
Missed Sample: 3394189829
Missed Sample: 3394306476
Missed Sample: 3394421608
Missed Sample: 3394478603
Missed Sample: 3394537484
Missed Sample: 3394599067
Missed Sample: 3394714600
Missed Sample: 3394771315
Missed Sample: 3394830269
Missed Sample: 3394947525
Missed Sample: 3395008905
Missed Sample: 3395073415
Missed Sample: 3395145207
Missed Sample: 3395203595
Missed Sample: 3395260669
Missed Sample: 3395542710
Missed Sample: 3395655405
Missed Sample: 3395713709
Missed Sample: 3395776817
Missed Sample: 3395835930
Missed Sample: 3395899326
Missed Sample: 3395961612
Missed Sample: 3396019843
Missed Sample: 3396082774
Missed Sample: 3396141817
Missed Sample: 3396199346
Missed Sample: 3396258236
Missed Sample: 3396319680
Missed Sample: 3396376584
Missed Sample: 3396438947
Missed Sample: 3396501488
Missed Sample: 3396557957
Missed Sample: 3396614934
Missed Sample: 3396675728
Missed Sample: 3396736818
Missed Sample: 3396853632
Missed Sample: 3396969188
Missed Sample: 3397031048
Missed Sample: 3397146982
Missed Sample: 3397203973
Missed Sample: 3397263494
Missed Sample: 3397320458
Missed Sample: 3397379746
Missed Sample: 3397437090
Missed Sample: 3397496768
Missed Sample: 3397611863
Missed Sample: 3397728774
Missed Sample: 3397789686
Missed Sample: 3397905044
Missed Sample: 3397961729
Missed Sample: 3398020905
Missed Sample: 3398094705
Missed Sample: 3398154208
Missed Sample: 3398218843
Missed Sample: 3398332817
Missed Sample: 3398505661
Missed Sample: 3398563078
Missed Sample: 3398622471
Missed Sample: 3398793793
Missed Sample: 3398912364
Missed Sample: 3399081576
Missed Sample: 3399144754
Missed Sample: 3399203253
Missed Sample: 3399266779
Missed Sample: 3399325850
Missed Sample: 3399387817
Missed Sample: 3399451405
Missed Sample: 3399511735
Missed Sample: 3399575553
Missed Sample: 3399633072
Missed Sample: 3399692875
Missed Sample: 3399806151
Missed Sample: 3399863634
Missed Sample: 3399924550
Missed Sample: 3399985189
Missed Sample: 3400042042
Missed Sample: 3400098644
Missed Sample: 3400159285
Missed Sample: 3400275905
Missed Sample: 3400336844
Missed Sample: 3400451594
Missed Sample: 3400512443
Missed Sample: 3400627651
Missed Sample: 3400745298
Missed Sample: 3400801957
Missed Sample: 3400863421
Missed Sample: 3400981288
Missed Sample: 3401044618
Missed Sample: 3401116250
Missed Sample: 3401179540
Missed Sample: 3401237884
Missed Sample: 3401350548
Missed Sample: 3401411137
Missed Sample: 3401470305
Missed Sample: 3401641963
Missed Sample: 3401756301
Missed Sample: 3401816986
Missed Sample: 3401931654
Missed Sample: 3402048046
Missed Sample: 3402104573
Missed Sample: 3402163410
Missed Sample: 3402223047
Missed Sample: 3402339710
Missed Sample: 3402514690
Missed Sample: 3402633613
Missed Sample: 3402692123
Missed Sample: 3402756524
Missed Sample: 3402815523
Missed Sample: 3402876724
Missed Sample: 3402940694
Missed Sample: 3402999339
Missed Sample: 3403063189
Missed Sample: 3403120416
Missed Sample: 3403180163
Missed Sample: 3403354065
Missed Sample: 3403410756
Missed Sample: 3403467646
Missed Sample: 3403528806
Missed Sample: 3403589698
Missed Sample: 3403705223
Missed Sample: 3403762868
Missed Sample: 3403823406
Missed Sample: 3403883647
Missed Sample: 3403940171
Missed Sample: 3404000734
Missed Sample: 3404065430
Missed Sample: 3404139233
Missed Sample: 3404200744
Missed Sample: 3404257782
Missed Sample: 3404374230
Missed Sample: 3404434589
Missed Sample: 3404491012
Missed Sample: 3404550569
Missed Sample: 3404607505
Missed Sample: 3404666927
Missed Sample: 3404723883
Missed Sample: 3404782831
Missed Sample: 3404900102
Missed Sample: 3405015133
Missed Sample: 3405129893
Missed Sample: 3405190565
Missed Sample: 3405304795
Missed Sample: 3405421360
Missed Sample: 3405538639
Missed Sample: 3405599300
Missed Sample: 3405656667
Missed Sample: 3405716002
Missed Sample: 3405830909
Missed Sample: 3405891624
Missed Sample: 3405948816
Missed Sample: 3406007498
Missed Sample: 3406125261
Missed Sample: 3406183104
Missed Sample: 3406246862
Missed Sample: 3406310152
Missed Sample: 3406429892
Missed Sample: 3406488334
Missed Sample: 3406552487
Missed Sample: 3406609959
Missed Sample: 3406671369
Missed Sample: 3406784647
Missed Sample: 3406901203
Missed Sample: 3406961093
Missed Sample: 3407086242
Missed Sample: 3407155027
Missed Sample: 3407215480
Missed Sample: 3407273253
Missed Sample: 3407332397
Missed Sample: 3407447368
Missed Sample: 3407561575
Missed Sample: 3407621920
Missed Sample: 3407738618
Missed Sample: 3407858105
Missed Sample: 3407975473
Missed Sample: 3408092027
Missed Sample: 3408208053
Missed Sample: 3408327987
Missed Sample: 3408443657
Missed Sample: 3408502468
Missed Sample: 3408562026
Missed Sample: 3408618344
Missed Sample: 3408679123
Missed Sample: 3408793465
Missed Sample: 3408855730
Missed Sample: 3408970033
Missed Sample: 3409086357
Missed Sample: 3409161645
Missed Sample: 3409280670
Missed Sample: 3409453842
Missed Sample: 3409567458
Missed Sample: 3409630462
Missed Sample: 3409688743
Missed Sample: 3409753115
Missed Sample: 3409815335
Missed Sample: 3409873784
Missed Sample: 3409938152
Missed Sample: 3409996875
Missed Sample: 3410069192
Missed Sample: 3410136452
Missed Sample: 3410199644
Missed Sample: 3410313817
Missed Sample: 3410428697
Missed Sample: 3410488464
Missed Sample: 3410605449
Missed Sample: 3410778556
Missed Sample: 3410837810
Missed Sample: 3410894519
Missed Sample: 3410955066
Missed Sample: 3411071246
Missed Sample: 3411131952
Missed Sample: 3411188443
Missed Sample: 3411248631
Missed Sample: 3411363704
Missed Sample: 3411478211
Sample Insertion: 3411515010
Missed Sample: 3411536633
Missed Sample: 3411597487
Missed Sample: 3411713851
Missed Sample: 3411775090
Missed Sample: 3411834748
Missed Sample: 3411951268
Missed Sample: 3412121150
Missed Sample: 3412239860
Missed Sample: 3412355543
Missed Sample: 3412525944
Missed Sample: 3412698498
Missed Sample: 3412754877
Missed Sample: 3412816107
Missed Sample: 3412988589
Missed Sample: 3413054651
Missed Sample: 3413127698
Missed Sample: 3413196307
Missed Sample: 3413259841
Missed Sample: 3413319479
Missed Sample: 3413378160
Missed Sample: 3413441634
Missed Sample: 3413500958
Missed Sample: 3413563421
Missed Sample: 3413679042
Missed Sample: 3413740670
Missed Sample: 3413797902
Missed Sample: 3413855649
Missed Sample: 3413917282
Missed Sample: 3413979048
Missed Sample: 3414094682
Missed Sample: 3414211185
Missed Sample: 3414271773
Missed Sample: 3414387904
Missed Sample: 3414501571
Missed Sample: 3414562410
Missed Sample: 3414679165
Missed Sample: 3414735664
Missed Sample: 3414801483
Missed Sample: 3414917967
Missed Sample: 3415035443
Missed Sample: 3415150817
Missed Sample: 3415264481
Missed Sample: 3415324410
Missed Sample: 3415496059
Missed Sample: 3415609913
Missed Sample: 3415729130
Missed Sample: 3415845152
Missed Sample: 3416081222
Missed Sample: 3416145957
Missed Sample: 3416212408
Missed Sample: 3416327459
Missed Sample: 3416388220
Missed Sample: 3416501632
Missed Sample: 3416560049
Missed Sample: 3416622866
Missed Sample: 3416686243
Missed Sample: 3416745213
Missed Sample: 3416806996
Missed Sample: 3416865143
Missed Sample: 3416928872
Missed Sample: 3416988027
Missed Sample: 3417052455
Missed Sample: 3417108847
Missed Sample: 3417165836
Missed Sample: 3417281984
Missed Sample: 3417342840
Missed Sample: 3417399235
Missed Sample: 3417517015
Missed Sample: 3417579107
Missed Sample: 3417636451
Missed Sample: 3417697381
Missed Sample: 3417812099
Missed Sample: 3417872694
Missed Sample: 3417987185
Missed Sample: 3418043856
Missed Sample: 3418103131
Missed Sample: 3418159991
Missed Sample: 3418219858
Missed Sample: 3418282197
Missed Sample: 3418399500
Missed Sample: 3418516032
Missed Sample: 3418632817
Missed Sample: 3418747177
Missed Sample: 3418862075
Missed Sample: 3418923905
Missed Sample: 3419039116
Missed Sample: 3419105521
Missed Sample: 3419173057
Missed Sample: 3419236462
Missed Sample: 3419294668
Missed Sample: 3419463894
Missed Sample: 3419578001
Missed Sample: 3419691529
Missed Sample: 3419751431
Missed Sample: 3419807900
Missed Sample: 3419866738
Missed Sample: 3419981854
Missed Sample: 3420039980
Missed Sample: 3420102774
Missed Sample: 3420166480
Missed Sample: 3420224581
Missed Sample: 3420287233
Missed Sample: 3420346038
Missed Sample: 3420409507
Missed Sample: 3420468790
Missed Sample: 3420528715
Missed Sample: 3420587840
Missed Sample: 3420648206
Missed Sample: 3420710003
Missed Sample: 3420766855
Missed Sample: 3420827957
Missed Sample: 3420885051
Missed Sample: 3420941505
Missed Sample: 3421002700
Missed Sample: 3421062623
Missed Sample: 3421119446
Missed Sample: 3421181060
Missed Sample: 3421296561
Missed Sample: 3421358369
Missed Sample: 3421473681
Missed Sample: 3421530552
Missed Sample: 3421590692
Missed Sample: 3421648551
Missed Sample: 3421707970
Missed Sample: 3421770655
Missed Sample: 3421887111
Missed Sample: 3422003172
Missed Sample: 3422129152
Missed Sample: 3422193189
Missed Sample: 3422259874
Missed Sample: 3422433420
Missed Sample: 3422547930
Missed Sample: 3422604983
Missed Sample: 3422663333
Missed Sample: 3422778406
Missed Sample: 3422892820
Missed Sample: 3422952227
Missed Sample: 3423009578
Missed Sample: 3423070891
Missed Sample: 3423243602
Missed Sample: 3423300450
Missed Sample: 3423362000
Missed Sample: 3423475448
Missed Sample: 3423535891
Missed Sample: 3423599617
Missed Sample: 3423663091
Missed Sample: 3423721827
Missed Sample: 3423783988
Missed Sample: 3423841984
Missed Sample: 3423905950
Missed Sample: 3423965246
Missed Sample: 3424027723
Missed Sample: 3424197026
Missed Sample: 3424257661
Missed Sample: 3424318346
Missed Sample: 3424433146
Missed Sample: 3424548662
Missed Sample: 3424609638
Missed Sample: 3424780886
Missed Sample: 3424897433
Missed Sample: 3425014310
Missed Sample: 3425073175
Missed Sample: 3425143027
Missed Sample: 3425211694
Missed Sample: 3425274833
Missed Sample: 3425332594
Missed Sample: 3425447878
Missed Sample: 3425567391
Missed Sample: 3425680861
Missed Sample: 3425796669
Sample Insertion: 3425880680
Missed Sample: 3425913058
Missed Sample: 3426027140
Sample Insertion: 3426045130
Missed Sample: 3426200787
Missed Sample: 3426318216
Missed Sample: 3426487582
Missed Sample: 3426549499
Missed Sample: 3426663800
Missed Sample: 3426777985
Missed Sample: 3426838330
Missed Sample: 3426895341
Missed Sample: 3426957217
Missed Sample: 3427020933
Missed Sample: 3427079680
Missed Sample: 3427143090
Missed Sample: 3427200294
Missed Sample: 3427263963
High Voltage On: 3427300780
Missed Sample: 3427322107
Missed Sample: 3427385811
Missed Sample: 3427445675
Missed Sample: 3427508962
High Voltage On: 3427589420
Missed Sample: 3427679206
High Voltage On: 3427762450
Missed Sample: 3427850288
Missed Sample: 3427907523
Missed Sample: 3427969281
Missed Sample: 3428029522
Missed Sample: 3428158457
Missed Sample: 3428228161
Missed Sample: 3428288577
Missed Sample: 3428347558
Missed Sample: 3428462011
Missed Sample: 3428520007
Missed Sample: 3428580313
Missed Sample: 3428641658
Missed Sample: 3428759429
Missed Sample: 3428876731
Missed Sample: 3428993165
High Voltage On: 3429070570
Missed Sample: 3429108787
Missed Sample: 3429223090
Missed Sample: 3429337900
Missed Sample: 3429398703
Missed Sample: 3429512417
High Voltage On: 3429554570
Missed Sample: 3429571062
Missed Sample: 3429632151
Missed Sample: 3429746019
Missed Sample: 3429806831
Missed Sample: 3429863845
Missed Sample: 3429922463
Missed Sample: 3430038262
Missed Sample: 3430098300
Missed Sample: 3430211738
Missed Sample: 3430382398
Missed Sample: 3430445501
Missed Sample: 3430508326
Missed Sample: 3430566697
Missed Sample: 3430630256
Missed Sample: 3430749902
Missed Sample: 3430808448
Missed Sample: 3430872176
Missed Sample: 3430929979
Missed Sample: 3430991260
Missed Sample: 3431105039
Missed Sample: 3431176680
Missed Sample: 3431241130
Missed Sample: 3431305842
Missed Sample: 3431476969
Missed Sample: 3431533539
Missed Sample: 3431650298
Missed Sample: 3431767088
Missed Sample: 3431827284
Missed Sample: 3431943374
Missed Sample: 3432059556
Missed Sample: 3432177247
Missed Sample: 3432293306
Missed Sample: 3432409503
Missed Sample: 3432529714
Missed Sample: 3432648602
Missed Sample: 3432705741
Missed Sample: 3432764654
Missed Sample: 3432821251
Missed Sample: 3432882923
Missed Sample: 3432996701
Missed Sample: 3433056795
Missed Sample: 3433171578
Missed Sample: 3433288252
Missed Sample: 3433462087
Missed Sample: 3433519576
Missed Sample: 3433578118
Missed Sample: 3433747412
Missed Sample: 3433804226
Missed Sample: 3434031365
Missed Sample: 3434094807
Missed Sample: 3434160308
Missed Sample: 3434233944
Missed Sample: 3434298915
Missed Sample: 3434358606
Missed Sample: 3434421000
Missed Sample: 3434479500
Missed Sample: 3434542812
Missed Sample: 3434655736
Missed Sample: 3434826345
Missed Sample: 3434887944
Missed Sample: 3434944975
Sample Insertion: 3434950290
Missed Sample: 3435005471
Missed Sample: 3435120347
Missed Sample: 3435182062
Missed Sample: 3435296657
Missed Sample: 3435353329
Missed Sample: 3435413211
Missed Sample: 3435474758
Missed Sample: 3435590048
Missed Sample: 3435647445
Missed Sample: 3435706978
Missed Sample: 3435763643
Missed Sample: 3435823849
Missed Sample: 3435880781
Missed Sample: 3435940308
Missed Sample: 3436001932
Missed Sample: 3436117335
Missed Sample: 3436231202
Missed Sample: 3436287907
Missed Sample: 3436408013
Missed Sample: 3436522922
Missed Sample: 3436579489
Missed Sample: 3436638917
Missed Sample: 3436754854
Missed Sample: 3436811662
Missed Sample: 3436929793
Missed Sample: 3436986195
Missed Sample: 3437046532
Missed Sample: 3437163571
Missed Sample: 3437233763
Missed Sample: 3437298283
Missed Sample: 3437358848
Missed Sample: 3437528731
Missed Sample: 3437591983
Missed Sample: 3437650614
Missed Sample: 3437714442
Missed Sample: 3437771260
Missed Sample: 3437834518
Missed Sample: 3437897897
Missed Sample: 3437956188
Missed Sample: 3438020735
Missed Sample: 3438077982
Missed Sample: 3438191205
Missed Sample: 3438251972
Missed Sample: 3438366943
Missed Sample: 3438426748
Missed Sample: 3438483880
Missed Sample: 3438545527
Missed Sample: 3438603695
Missed Sample: 3438660092
Missed Sample: 3438721179
Missed Sample: 3438780540
Missed Sample: 3438838094
Missed Sample: 3438898337
Missed Sample: 3439013762
Missed Sample: 3439129984
Missed Sample: 3439190366
Missed Sample: 3439247279
Missed Sample: 3439307174
Missed Sample: 3439364033
Missed Sample: 3439424648
Missed Sample: 3439481358
Missed Sample: 3439541473
Missed Sample: 3439657685
Missed Sample: 3439719299
Missed Sample: 3439836043
Missed Sample: 3439895347
Missed Sample: 3440064495
Missed Sample: 3440189861
Missed Sample: 3440255884
Missed Sample: 3440326296
Missed Sample: 3440667247
Missed Sample: 3440894842
Missed Sample: 3440956245
Missed Sample: 3441014504
Missed Sample: 3441078031
Missed Sample: 3441136864
Missed Sample: 3441201298
Missed Sample: 3441258276
Missed Sample: 3441321789
Missed Sample: 3441386080
Missed Sample: 3441444935
Missed Sample: 3441507152
Missed Sample: 3441681586
Missed Sample: 3441742872
Missed Sample: 3441858780
Missed Sample: 3441918672
Missed Sample: 3442034588
Missed Sample: 3442090934
Missed Sample: 3442207989
Missed Sample: 3442266931
Missed Sample: 3442323649
Missed Sample: 3442384149
Missed Sample: 3442499873
Missed Sample: 3442617740
Missed Sample: 3442677315
Missed Sample: 3442734711
Missed Sample: 3442795374
Missed Sample: 3442852166
Missed Sample: 3442911932
Missed Sample: 3442968300
Missed Sample: 3443027736
Missed Sample: 3443143548
Missed Sample: 3443216417
Missed Sample: 3443285804
Missed Sample: 3443347232
Missed Sample: 3443572514
Missed Sample: 3443686131
Missed Sample: 3443804603
Missed Sample: 3443977349
Missed Sample: 3444091127
Missed Sample: 3444151029
Missed Sample: 3444207724
Missed Sample: 3444265873
Missed Sample: 3444438562
Missed Sample: 3444496729
Missed Sample: 3444559753
Missed Sample: 3444620122
Missed Sample: 3444684636
Missed Sample: 3444746121
Missed Sample: 3444804180
Missed Sample: 3444867823
Missed Sample: 3444926710
Missed Sample: 3444990119
Missed Sample: 3445104188
Missed Sample: 3445274708
Missed Sample: 3445335212
Missed Sample: 3445452271
Missed Sample: 3445514323
Missed Sample: 3445629915
Missed Sample: 3445687281
Missed Sample: 3445747298
Missed Sample: 3445808242
Missed Sample: 3445864886
Missed Sample: 3445925690
Missed Sample: 3446041486
Missed Sample: 3446158206
Missed Sample: 3446229222
Missed Sample: 3446295707
Missed Sample: 3446361576
Missed Sample: 3446474679
Missed Sample: 3446591315
Missed Sample: 3446648104
Missed Sample: 3446706831
Missed Sample: 3446823101
Missed Sample: 3446937100
Missed Sample: 3447051331
Missed Sample: 3447112017
Missed Sample: 3447169100
Missed Sample: 3447228098
Missed Sample: 3447343803
Missed Sample: 3447458017
Missed Sample: 3447517834
Missed Sample: 3447574276
Missed Sample: 3447636199
Missed Sample: 3447809233
Missed Sample: 3447927235
Missed Sample: 3447985423
Missed Sample: 3448049005
Missed Sample: 3448108390
Missed Sample: 3448170960
Missed Sample: 3448233755
Missed Sample: 3448292646
Missed Sample: 3448355835
Missed Sample: 3448415620
Missed Sample: 3448479260
Missed Sample: 3448763660
Missed Sample: 3448824409
Missed Sample: 3448939319
Missed Sample: 3449000905
Missed Sample: 3449057394
Missed Sample: 3449117608
Missed Sample: 3449177505
Missed Sample: 3449246118
Missed Sample: 3449314382
Missed Sample: 3449370957
Missed Sample: 3449431595
Missed Sample: 3449546081
Missed Sample: 3449662725
Missed Sample: 3449722712
Missed Sample: 3449779447
Missed Sample: 3449839724
Missed Sample: 3449896475
Missed Sample: 3449956374
Missed Sample: 3450013272
Missed Sample: 3450071871
Missed Sample: 3450128307
Missed Sample: 3450189324
Missed Sample: 3450304351
Missed Sample: 3450360900
Missed Sample: 3450420827
Missed Sample: 3450481858
Missed Sample: 3450597443
Missed Sample: 3450655887
Missed Sample: 3450717913
Missed Sample: 3450832752
Missed Sample: 3450894179
Missed Sample: 3451008778
Missed Sample: 3451125130
Missed Sample: 3451185928
Missed Sample: 3451300306
Missed Sample: 3451416457
Missed Sample: 3451474363
Missed Sample: 3451538056
Missed Sample: 3451596754
Missed Sample: 3451660107
Missed Sample: 3451722533
Missed Sample: 3451780696
Missed Sample: 3451844163
Missed Sample: 3451902658
Missed Sample: 3452017733
Missed Sample: 3452077297
Missed Sample: 3452193810
Missed Sample: 3452263839
Missed Sample: 3452323945
Missed Sample: 3452392289
Missed Sample: 3452563230
Missed Sample: 3452622051
Missed Sample: 3452679093
Missed Sample: 3452740115
Missed Sample: 3452857734
Missed Sample: 3452919044
Missed Sample: 3453035556
Missed Sample: 3453152070
Missed Sample: 3453269712
Missed Sample: 3453386500
Missed Sample: 3453503100
Missed Sample: 3453623362
Missed Sample: 3453741035
Missed Sample: 3453855310
Missed Sample: 3453970039
Missed Sample: 3454086121
Missed Sample: 3454261132
Missed Sample: 3454318029
Missed Sample: 3454377079
Missed Sample: 3454549103
Missed Sample: 3454668050
Missed Sample: 3454839059
Missed Sample: 3454902515
Missed Sample: 3454960759
Missed Sample: 3455023653
Missed Sample: 3455088261
Missed Sample: 3455145064
Missed Sample: 3455208192
Missed Sample: 3455278768
Missed Sample: 3455351199
Missed Sample: 3455411119
Missed Sample: 3455469918
Missed Sample: 3455642678
Missed Sample: 3455757282
Missed Sample: 3455929021
Missed Sample: 3455985664
Missed Sample: 3456047072
Missed Sample: 3456107765
Missed Sample: 3456223757
Missed Sample: 3456338729
Missed Sample: 3456399903
Missed Sample: 3456517032
Missed Sample: 3456634368
Missed Sample: 3456691075
Missed Sample: 3456752358
Missed Sample: 3456869486
Missed Sample: 3456986922
Missed Sample: 3457106252
Missed Sample: 3457221656
Missed Sample: 3457279001
Missed Sample: 3457338523
Missed Sample: 3457454899
Missed Sample: 3457569356
Missed Sample: 3457630500
Missed Sample: 3457745377
Missed Sample: 3457862997
Missed Sample: 3458034791
Missed Sample: 3458152431
Missed Sample: 3458272992
Missed Sample: 3458340267
Missed Sample: 3458406488
Missed Sample: 3458524827
Missed Sample: 3458588326
Missed Sample: 3458645568
Missed Sample: 3458708544
Missed Sample: 3458766818
Missed Sample: 3458830661
Missed Sample: 3458890283
Missed Sample: 3458950093
Missed Sample: 3459178764
Missed Sample: 3459295138
Missed Sample: 3459356567
Missed Sample: 3459472998
Missed Sample: 3459533578
Missed Sample: 3459590744
Missed Sample: 3459650829
Missed Sample: 3459770357
Missed Sample: 3459942105
Missed Sample: 3460063229
Missed Sample: 3460180471
Missed Sample: 3460296626
Missed Sample: 3460413227
Missed Sample: 3460528556
Missed Sample: 3460590166
Missed Sample: 3460759621
Missed Sample: 3460832678
Missed Sample: 3460893471
Missed Sample: 3461014351
Missed Sample: 3461129342
Missed Sample: 3461248681
Missed Sample: 3461318471
Missed Sample: 3461380387
Missed Sample: 3461438781
Missed Sample: 3461496091
Missed Sample: 3461609681
Missed Sample: 3461723235
Missed Sample: 3461783285
Missed Sample: 3461839674
Missed Sample: 3461903084
Missed Sample: 3461962146
Missed Sample: 3462025460
Missed Sample: 3462089300
Missed Sample: 3462146089
Missed Sample: 3462209177
Missed Sample: 3462267510
Missed Sample: 3462331339
Missed Sample: 3462387991
Missed Sample: 3462505802
Missed Sample: 3462618427
Missed Sample: 3462679134
Missed Sample: 3462742061
Missed Sample: 3462858837
Missed Sample: 3462915461
Missed Sample: 3462975539
Missed Sample: 3463035682
Missed Sample: 3463152365
Missed Sample: 3463269730
Missed Sample: 3463441227
Missed Sample: 3463562740
Missed Sample: 3463679563
Missed Sample: 3463795563
Missed Sample: 3463911064
Missed Sample: 3464025723
Missed Sample: 3464087491
Missed Sample: 3464264296
Missed Sample: 3464328849
Missed Sample: 3464396754
Missed Sample: 3464512932
Missed Sample: 3464629129
Missed Sample: 3464798736
Missed Sample: 3464914318
Missed Sample: 3464974057
Missed Sample: 3465090201
Missed Sample: 3465263930
Missed Sample: 3465382618
Missed Sample: 3465445462
Missed Sample: 3465503818
Missed Sample: 3465567648
Missed Sample: 3465687499
Missed Sample: 3465748472
Missed Sample: 3465812434
Missed Sample: 3465869352
Missed Sample: 3465927918
Missed Sample: 3466042232
Missed Sample: 3466102201
Missed Sample: 3466159197
Missed Sample: 3466220046
Missed Sample: 3466276375
Missed Sample: 3466332915
Missed Sample: 3466394043
Missed Sample: 3466453994
Missed Sample: 3466569587
Missed Sample: 3466630666
Missed Sample: 3466746292
Missed Sample: 3466861909
Missed Sample: 3466976909
Missed Sample: 3467092829
Missed Sample: 3467154369
Missed Sample: 3467275007
Missed Sample: 3467339323
Missed Sample: 3467408036
Missed Sample: 3467465006
Missed Sample: 3467524336
Missed Sample: 3467640019
Missed Sample: 3467700281
Missed Sample: 3467814435
Missed Sample: 3467929167
Missed Sample: 3468045289
Missed Sample: 3468160379
Missed Sample: 3468219970
Missed Sample: 3468276523
Missed Sample: 3468335130
Missed Sample: 3468449320
Missed Sample: 3468509763
Missed Sample: 3468566458
Missed Sample: 3468625644
Missed Sample: 3468798532
Missed Sample: 3468861297
Missed Sample: 3468924702
Missed Sample: 3468983924
Missed Sample: 3469045767
Missed Sample: 3469103695
Missed Sample: 3469166905
Missed Sample: 3469225642
Missed Sample: 3469289641
Missed Sample: 3469346450
Missed Sample: 3469404498
Missed Sample: 3469460925
Missed Sample: 3469523185
Missed Sample: 3469585155
Missed Sample: 3469702364
Missed Sample: 3469874663
Missed Sample: 3469934200
Missed Sample: 3469991356
Missed Sample: 3470052231
Missed Sample: 3470169230
Missed Sample: 3470229564
Missed Sample: 3470293118
Missed Sample: 3470363878
Missed Sample: 3470427876
Missed Sample: 3470487172
Missed Sample: 3470602533
Missed Sample: 3470719516
Missed Sample: 3470779250
Missed Sample: 3470835683
Missed Sample: 3470894934
Missed Sample: 3471009899
Missed Sample: 3471070625
Missed Sample: 3471185789
Missed Sample: 3471242452
Missed Sample: 3471301782
Missed Sample: 3471418327
Missed Sample: 3471532248
Missed Sample: 3471592107
Missed Sample: 3471706648
Missed Sample: 3471765253
Missed Sample: 3471826291
Missed Sample: 3471999425
Missed Sample: 3472116451
Missed Sample: 3472286863
Missed Sample: 3472349913
Missed Sample: 3472413379
Missed Sample: 3472471856
Missed Sample: 3472534311
Missed Sample: 3472593000
Missed Sample: 3472655877
Missed Sample: 3472714170
Missed Sample: 3472778678
Missed Sample: 3472838060
Missed Sample: 3472953634
Missed Sample: 3473010074
Missed Sample: 3473126770
Missed Sample: 3473187202
Missed Sample: 3473309587
Missed Sample: 3473380902
Missed Sample: 3473444124
Missed Sample: 3473501654
Missed Sample: 3473616915
Missed Sample: 3473787499
Missed Sample: 3473908290
Missed Sample: 3474024843
Missed Sample: 3474142293
Missed Sample: 3474259304
Missed Sample: 3474318982
Missed Sample: 3474434652
Missed Sample: 3474551536
Missed Sample: 3474666257
Missed Sample: 3474723319
Missed Sample: 3474844834
Missed Sample: 3474959353
Missed Sample: 3475077310
Missed Sample: 3475246744
Missed Sample: 3475365374
Missed Sample: 3475535256
Missed Sample: 3475649974
Missed Sample: 3475709352
Missed Sample: 3475772826
Missed Sample: 3475830958
Missed Sample: 3475894677
Missed Sample: 3475953529
Missed Sample: 3476015001
Missed Sample: 3476073201
Missed Sample: 3476136409
Missed Sample: 3476195564
Missed Sample: 3476257993
Missed Sample: 3476325989
Missed Sample: 3476392198
Missed Sample: 3476460150
Missed Sample: 3476633008
Missed Sample: 3476694660
Missed Sample: 3476810969
Missed Sample: 3476870814
Missed Sample: 3476927596
Missed Sample: 3476988296
Missed Sample: 3477105009
Missed Sample: 3477281245
Missed Sample: 3477398257
Missed Sample: 3477515689
Missed Sample: 3477632521
Missed Sample: 3477750207
Missed Sample: 3477811805
Missed Sample: 3477926806
Missed Sample: 3478043394
Missed Sample: 3478158225
Missed Sample: 3478334029
Missed Sample: 3478448049
Missed Sample: 3478564823
Missed Sample: 3478738814
Missed Sample: 3478796990
Missed Sample: 3478855795
Missed Sample: 3479025665
Missed Sample: 3479087306
Missed Sample: 3479200830
Missed Sample: 3479264102
Missed Sample: 3479328264
Missed Sample: 3479401625
Missed Sample: 3479468715
Missed Sample: 3479527585
Missed Sample: 3479584788
Missed Sample: 3479648042
Missed Sample: 3479707218
Missed Sample: 3479770586
Missed Sample: 3479832594
Missed Sample: 3480060687
Missed Sample: 3480232005
Missed Sample: 3480291367
Missed Sample: 3480348187
Missed Sample: 3480408992
Missed Sample: 3480524877
Missed Sample: 3480586573
Missed Sample: 3480701183
Missed Sample: 3480760777
Missed Sample: 3480821146
Missed Sample: 3480882783
Missed Sample: 3480999257
Missed Sample: 3481116774
Missed Sample: 3481233207
Missed Sample: 3481349068
Missed Sample: 3481463590
Missed Sample: 3481579398
Missed Sample: 3481642769
Missed Sample: 3481702550
Missed Sample: 3481820106
Missed Sample: 3481989111
Missed Sample: 3482045644
Missed Sample: 3482104778
Missed Sample: 3482164772
Missed Sample: 3482221809
Missed Sample: 3482280485
Missed Sample: 3482344513
Missed Sample: 3482413141
Missed Sample: 3482480639
Missed Sample: 3482764604
Missed Sample: 3482822504
Missed Sample: 3482885900
Missed Sample: 3482943145
Missed Sample: 3483005789
Missed Sample: 3483064210
Missed Sample: 3483129006
Missed Sample: 3483192947
Missed Sample: 3483250793
Missed Sample: 3483308283
Missed Sample: 3483425558
Missed Sample: 3483481970
Missed Sample: 3483543434
Missed Sample: 3483599904
Missed Sample: 3483656445
Missed Sample: 3483717145
Missed Sample: 3483779488
Missed Sample: 3483836354
Missed Sample: 3483898076
Missed Sample: 3483959010
Missed Sample: 3484075409
Missed Sample: 3484189642
Missed Sample: 3484305655
Missed Sample: 3484367543
Missed Sample: 3484483748
Missed Sample: 3484600191
Missed Sample: 3484716043
Missed Sample: 3484829753
Missed Sample: 3484945903
Missed Sample: 3485060736
Missed Sample: 3485122239
Missed Sample: 3485181368
Missed Sample: 3485363902
Missed Sample: 3485428176
Missed Sample: 3485493807
Missed Sample: 3485663736
Missed Sample: 3485780858
Missed Sample: 3485952727
Missed Sample: 3486068209
Missed Sample: 3486128763
Missed Sample: 3486186899
Missed Sample: 3486249881
Missed Sample: 3486308937
Missed Sample: 3486372929
Missed Sample: 3486429400
Missed Sample: 3486492483
Missed Sample: 3486551320
Missed Sample: 3486615136
Missed Sample: 3486677723
Missed Sample: 3486850266
Missed Sample: 3486911264
Missed Sample: 3487026538
Missed Sample: 3487083717
Missed Sample: 3487143715
Missed Sample: 3487203564
Missed Sample: 3487260430
Missed Sample: 3487320780
Missed Sample: 3487436393
High Voltage Off: 3487490360
Missed Sample: 3487553380
Missed Sample: 3487614216
Missed Sample: 3487729152
Missed Sample: 3487785884
Missed Sample: 3487846245
Missed Sample: 3487903528
Missed Sample: 3487964331
Missed Sample: 3488021955
Missed Sample: 3488082329
Missed Sample: 3488139185
Missed Sample: 3488198213
Missed Sample: 3488254819
Missed Sample: 3488316061
Missed Sample: 3488387573
Missed Sample: 3488456397
Missed Sample: 3488517063
Start Time: 2061411530
End Time: 3488622370
Packets Received: 2853669
Packets Sent: 12974644.0
Packets Missed: 3488622370 (78.0058011611%)
