# Log from 2015-12-3 at 13:46:8

# DSP Processing Report:
# udsp Version 1.0
# November 3, 2015
# DC Processing with Brickwall Threshold Filter Algorithm
# Designed for sample rate of: 9091 samp/s
# Filter: Spring Summer Low Pass Filter (spsu_lp_filter_norm)
# Fluoresce minimum period: 0.05 s
# Threshold standard deviations: 2
# Calibration period: 1 s

# Event: timestamp (from teensy)
High Voltage On: 653228427
High Voltage On: 653885237
Signal Calibration: 656121317
Signal Calibration: 952986017
High Voltage On: 1007165637
Sample Insertion: 1008752167
Sample Separation: 1237737957
High Voltage On: 1295020897
High Voltage Off: 1296310757
Start Time: 564150867
End Time: 1297718757
Packets Received: 6668801
Packets Sent: 6668799.0
Packets Missed: 1297718757 (-2.99904075681e-05%)
