# Log from 2015-11-12 at 10:43:1

# DSP Processing Report:
# udsp Version 1.0
# November 3, 2015
# Designed for sample rate of: 9091 samp/s
# DC Processing with Brickwall Threshold Filter Algorithm
# Filter: Spring Summer Low Pass Filter (spsu_lp_filter_norm)
# Fluoresce minimum period: 0.05 s
# Threshold standard deviations: 2
# Calibration period: 1 s

# Event: timestamp (from teensy)
High Voltage On: 0
Sample Insertion: 0
Sample Separation: 0
High Voltage Off: 0
Start Time: 0
End Time: 0
Packets Received: 0
Packets Sent: 0.0
Packets Missed: 0 (0%)
