# Log from 2015-12-11 at 14:22:48

# DSP Processing Report:
# udsp Version 1.0
# November 3, 2015
# DC Processing with Brickwall Threshold Filter Algorithm
# Designed for sample rate of: 9091 samp/s
# Filter: Spring Summer Low Pass Filter (spsu_lp_filter_norm)
# Fluoresce minimum period: 0.05 s
# Threshold standard deviations: 2
# Calibration period: 1 s

# Event: timestamp (from teensy)
Signal Calibration: 2419249875
High Voltage Off: 2420212705
High Voltage On: 2422688255
Signal Calibration: 2428282415
Sample Insertion: 2471403295
High Voltage Off: 2551269785
High Voltage On: 2882820565
Sample Insertion: 2886365645
High Voltage Off: 2895660975
High Voltage On: 2991234365
High Voltage On: 2997789815
High Voltage Off: 2999338065
Start Time: 2402177215
End Time: 3000469964
Packets Received: 5439027
Packets Sent: 5439024.99091
Packets Missed: -2.0090909088 (-3.69384386386e-05%)
